#
# There is insufficient memory for the Java Runtime Environment to continue.
# Native memory allocation (malloc) failed to allocate 1067936 bytes for Chunk::new
# Possible reasons:
#   The system is out of physical RAM or swap space
#   The process is running with CompressedOops enabled, and the Java Heap may be blocking the growth of the native heap
# Possible solutions:
#   Reduce memory load on the system
#   Increase physical memory or swap space
#   Check if swap backing store is full
#   Decrease Java heap size (-Xmx/-Xms)
#   Decrease number of Java threads
#   Decrease Java thread stack sizes (-Xss)
#   Set larger code cache with -XX:ReservedCodeCacheSize=
#   JVM is running with Zero Based Compressed Oops mode in which the Java heap is
#     placed in the first 32GB address space. The Java Heap base address is the
#     maximum limit for the native heap growth. Please use -XX:HeapBaseMinAddress
#     to set the Java Heap base and to place the Java Heap above 32GB virtual address.
# This output file may be truncated or incomplete.
#
#  Out of Memory Error (arena.cpp:189), pid=14592, tid=19336
#
# JRE version: Java(TM) SE Runtime Environment (17.0+35) (build 17+35-LTS-2724)
# Java VM: Java HotSpot(TM) 64-Bit Server VM (17+35-LTS-2724, mixed mode, sharing, tiered, compressed oops, compressed class ptrs, g1 gc, windows-amd64)
# No core dump will be written. Minidumps are not enabled by default on client versions of Windows
#

---------------  S U M M A R Y ------------

Command Line: --add-opens=java.base/java.lang=ALL-UNNAMED --add-opens=java.base/java.lang.invoke=ALL-UNNAMED --add-opens=java.base/java.util=ALL-UNNAMED --add-opens=java.prefs/java.util.prefs=ALL-UNNAMED --add-exports=jdk.compiler/com.sun.tools.javac.api=ALL-UNNAMED --add-exports=jdk.compiler/com.sun.tools.javac.util=ALL-UNNAMED --add-opens=java.base/java.util=ALL-UNNAMED --add-opens=java.prefs/java.util.prefs=ALL-UNNAMED --add-opens=java.base/java.nio.charset=ALL-UNNAMED --add-opens=java.base/java.net=ALL-UNNAMED --add-opens=java.base/java.util.concurrent.atomic=ALL-UNNAMED --add-opens=java.xml/javax.xml.namespace=ALL-UNNAMED -Xmx4g -Dfile.encoding=UTF-8 -Duser.country=CN -Duser.language=zh -Duser.variant -javaagent:C:\Users\jane\.gradle\wrapper\dists\gradle-8.13-bin\5xuhj0ry160q40clulazy9h7d\gradle-8.13\lib\agents\gradle-instrumentation-agent-8.13.jar org.gradle.launcher.daemon.bootstrap.GradleDaemon 8.13

Host: AMD Ryzen 5 6600H with Radeon Graphics         , 12 cores, 15G,  Windows 10 , 64 bit Build 26100 (10.0.26100.7920)
Time: Sat Mar 28 23:32:56 2026  Windows 10 , 64 bit Build 26100 (10.0.26100.7920) elapsed time: 38.947315 seconds (0d 0h 0m 38s)

---------------  T H R E A D  ---------------

Current thread (0x000002770bc07960):  JavaThread "C2 CompilerThread0" daemon [_thread_in_native, id=19336, stack(0x00000087b6100000,0x00000087b6200000)]


Current CompileTask:
C2:  38948 11573       4       java.lang.Class::privateGetPublicMethods (224 bytes)

Stack: [0x00000087b6100000,0x00000087b6200000]
Native frames: (J=compiled Java code, j=interpreted, Vv=VM code, C=native code)
V  [jvm.dll+0x66f8ea]
V  [jvm.dll+0x7ce224]
V  [jvm.dll+0x7cf9ce]
V  [jvm.dll+0x7d0033]
V  [jvm.dll+0x242bb5]
V  [jvm.dll+0xaa05b]
V  [jvm.dll+0xaa5ec]
V  [jvm.dll+0x2a954f]
V  [jvm.dll+0x5784b9]
V  [jvm.dll+0x21de2d]
V  [jvm.dll+0x217789]
V  [jvm.dll+0x214fb5]
V  [jvm.dll+0x1a168d]
V  [jvm.dll+0x2248f8]
V  [jvm.dll+0x222a5c]
V  [jvm.dll+0x78422b]
V  [jvm.dll+0x77e7ea]
V  [jvm.dll+0x66e715]
C  [ucrtbase.dll+0x37b0]
C  [KERNEL32.DLL+0x2e8d7]
C  [ntdll.dll+0x8c48c]


---------------  P R O C E S S  ---------------

Threads class SMR info:
_java_thread_list=0x0000027712e73b50, length=82, elements={
0x000002776808abd0, 0x000002770b261de0, 0x000002770b262790, 0x000002770bc05330,
0x000002770bc05bf0, 0x000002770bc064b0, 0x000002770bc06d70, 0x000002770bc07960,
0x000002770bc13470, 0x000002770b27d7a0, 0x000002770bce6c30, 0x000002770bdd4920,
0x000002770dac5240, 0x000002770dbbb060, 0x000002770dd41590, 0x000002770ddc4170,
0x000002770dda8380, 0x000002770dbf9590, 0x000002770dbfdce0, 0x000002770dc0d4c0,
0x000002770dc62060, 0x000002770dc8b590, 0x000002770dc8bf30, 0x000002770dc8a250,
0x000002770dc898b0, 0x000002770dc893e0, 0x000002770dc8a720, 0x000002770dc8ba60,
0x000002770dc8c400, 0x000002770dc8c8d0, 0x000002770dc8abf0, 0x000002770dc8cda0,
0x000002770dc89d80, 0x000002770fd1e030, 0x000002770fd1e500, 0x000002770fd21050,
0x000002770fd219f0, 0x000002770fd1e9d0, 0x000002770fd22390, 0x000002770fd22860,
0x000002770fd22d30, 0x000002770fd1f370, 0x000002770fd1f840, 0x000002770fd21ec0,
0x000002770fd236d0, 0x000002770fd20b80, 0x000002770fd24070, 0x000002770fd23ba0,
0x000002770fd206b0, 0x000002770fd25880, 0x000002770fd24540, 0x000002770fd24a10,
0x000002770fd24ee0, 0x000002770fd253b0, 0x000002770d486bd0, 0x000002770d4870a0,
0x000002770d485890, 0x000002770d486700, 0x000002770d487570, 0x000002770d487a40,
0x000002770d487f10, 0x000002770d485d60, 0x000002770d4883e0, 0x000002770d4888b0,
0x000002770d488d80, 0x000002770d489250, 0x000002770d489720, 0x000002770d486230,
0x000002770d48b8d0, 0x000002770d48a0c0, 0x000002770d48c270, 0x000002770d48a590,
0x000002770d48aa60, 0x000002770d48af30, 0x000002770d48cc10, 0x000002770d48b400,
0x000002770d48c740, 0x000002770d48d0e0, 0x000002770de7a460, 0x000002770de78780,
0x000002770de76f70, 0x000002770de77de0
}

Java Threads: ( => current thread )
  0x000002776808abd0 JavaThread "main" [_thread_blocked, id=14100, stack(0x00000087b5400000,0x00000087b5500000)]
  0x000002770b261de0 JavaThread "Reference Handler" daemon [_thread_blocked, id=16520, stack(0x00000087b5b00000,0x00000087b5c00000)]
  0x000002770b262790 JavaThread "Finalizer" daemon [_thread_blocked, id=31932, stack(0x00000087b5c00000,0x00000087b5d00000)]
  0x000002770bc05330 JavaThread "Signal Dispatcher" daemon [_thread_blocked, id=20548, stack(0x00000087b5d00000,0x00000087b5e00000)]
  0x000002770bc05bf0 JavaThread "Attach Listener" daemon [_thread_blocked, id=30632, stack(0x00000087b5e00000,0x00000087b5f00000)]
  0x000002770bc064b0 JavaThread "Service Thread" daemon [_thread_blocked, id=25540, stack(0x00000087b5f00000,0x00000087b6000000)]
  0x000002770bc06d70 JavaThread "Monitor Deflation Thread" daemon [_thread_blocked, id=18992, stack(0x00000087b6000000,0x00000087b6100000)]
=>0x000002770bc07960 JavaThread "C2 CompilerThread0" daemon [_thread_in_native, id=19336, stack(0x00000087b6100000,0x00000087b6200000)]
  0x000002770bc13470 JavaThread "C1 CompilerThread0" daemon [_thread_in_vm, id=30936, stack(0x00000087b6200000,0x00000087b6300000)]
  0x000002770b27d7a0 JavaThread "Sweeper thread" daemon [_thread_blocked, id=17788, stack(0x00000087b6300000,0x00000087b6400000)]
  0x000002770bce6c30 JavaThread "Common-Cleaner" daemon [_thread_blocked, id=2536, stack(0x00000087b6400000,0x00000087b6500000)]
  0x000002770bdd4920 JavaThread "Notification Thread" daemon [_thread_blocked, id=30868, stack(0x00000087b6500000,0x00000087b6600000)]
  0x000002770dac5240 JavaThread "Daemon health stats" [_thread_blocked, id=33580, stack(0x00000087b6800000,0x00000087b6900000)]
  0x000002770dbbb060 JavaThread "Incoming local TCP Connector on port 12190" [_thread_in_native, id=26064, stack(0x00000087b6700000,0x00000087b6800000)]
  0x000002770dd41590 JavaThread "Daemon periodic checks" [_thread_blocked, id=26688, stack(0x00000087b6d00000,0x00000087b6e00000)]
  0x000002770ddc4170 JavaThread "Daemon" [_thread_blocked, id=27980, stack(0x00000087b6e00000,0x00000087b6f00000)]
  0x000002770dda8380 JavaThread "Handler for socket connection from /127.0.0.1:12190 to /127.0.0.1:12191" [_thread_in_native, id=15948, stack(0x00000087b6f00000,0x00000087b7000000)]
  0x000002770dbf9590 JavaThread "Cancel handler" [_thread_blocked, id=23376, stack(0x00000087b7000000,0x00000087b7100000)]
  0x000002770dbfdce0 JavaThread "Daemon worker" [_thread_in_vm, id=31428, stack(0x00000087b7100000,0x00000087b7200000)]
  0x000002770dc0d4c0 JavaThread "Asynchronous log dispatcher for DefaultDaemonConnection: socket connection from /127.0.0.1:12190 to /127.0.0.1:12191" [_thread_blocked, id=29976, stack(0x00000087b7200000,0x00000087b7300000)]
  0x000002770dc62060 JavaThread "Stdin handler" [_thread_blocked, id=21216, stack(0x00000087b7300000,0x00000087b7400000)]
  0x000002770dc8b590 JavaThread "Daemon client event forwarder" [_thread_blocked, id=25068, stack(0x00000087b7400000,0x00000087b7500000)]
  0x000002770dc8bf30 JavaThread "Cache worker for journal cache (C:\Users\jane\.gradle\caches\journal-1)" [_thread_blocked, id=16216, stack(0x00000087b7500000,0x00000087b7600000)]
  0x000002770dc8a250 JavaThread "File lock request listener" [_thread_in_native, id=33456, stack(0x00000087b7600000,0x00000087b7700000)]
  0x000002770dc898b0 JavaThread "Cache worker for file hash cache (C:\Users\jane\.gradle\caches\8.13\fileHashes)" [_thread_blocked, id=4188, stack(0x00000087b7700000,0x00000087b7800000)]
  0x000002770dc893e0 JavaThread "Cache worker for file hash cache (D:\project\photoRoulette\.gradle\8.13\fileHashes)" [_thread_blocked, id=31096, stack(0x00000087b7f00000,0x00000087b8000000)]
  0x000002770dc8a720 JavaThread "Cache worker for Build Output Cleanup Cache (D:\project\photoRoulette\.gradle\buildOutputCleanup)" [_thread_blocked, id=32260, stack(0x00000087b8000000,0x00000087b8100000)]
  0x000002770dc8ba60 JavaThread "File watcher server" daemon [_thread_in_native, id=4960, stack(0x00000087b8300000,0x00000087b8400000)]
  0x000002770dc8c400 JavaThread "File watcher consumer" daemon [_thread_blocked, id=32680, stack(0x00000087b8400000,0x00000087b8500000)]
  0x000002770dc8c8d0 JavaThread "jar transforms" [_thread_blocked, id=26044, stack(0x00000087b8500000,0x00000087b8600000)]
  0x000002770dc8abf0 JavaThread "jar transforms Thread 2" [_thread_blocked, id=26264, stack(0x00000087b8600000,0x00000087b8700000)]
  0x000002770dc8cda0 JavaThread "jar transforms Thread 3" [_thread_blocked, id=4872, stack(0x00000087b8700000,0x00000087b8800000)]
  0x000002770dc89d80 JavaThread "jar transforms Thread 4" [_thread_blocked, id=22728, stack(0x00000087b7900000,0x00000087b7a00000)]
  0x000002770fd1e030 JavaThread "jar transforms Thread 5" [_thread_blocked, id=31320, stack(0x00000087b8800000,0x00000087b8900000)]
  0x000002770fd1e500 JavaThread "Cache worker for checksums cache (D:\project\photoRoulette\.gradle\8.13\checksums)" [_thread_blocked, id=31364, stack(0x00000087b8a00000,0x00000087b8b00000)]
  0x000002770fd21050 JavaThread "Cache worker for file content cache (C:\Users\jane\.gradle\caches\8.13\fileContent)" [_thread_blocked, id=28092, stack(0x00000087b8b00000,0x00000087b8c00000)]
  0x000002770fd219f0 JavaThread "jar transforms Thread 6" [_thread_blocked, id=9780, stack(0x00000087b8c00000,0x00000087b8d00000)]
  0x000002770fd1e9d0 JavaThread "jar transforms Thread 7" [_thread_blocked, id=32780, stack(0x00000087b8d00000,0x00000087b8e00000)]
  0x000002770fd22390 JavaThread "jar transforms Thread 8" [_thread_blocked, id=740, stack(0x00000087b8900000,0x00000087b8a00000)]
  0x000002770fd22860 JavaThread "jar transforms Thread 9" [_thread_blocked, id=22616, stack(0x00000087b8e00000,0x00000087b8f00000)]
  0x000002770fd22d30 JavaThread "jar transforms Thread 10" [_thread_blocked, id=29328, stack(0x00000087b7800000,0x00000087b7900000)]
  0x000002770fd1f370 JavaThread "jar transforms Thread 11" [_thread_blocked, id=28812, stack(0x00000087b9000000,0x00000087b9100000)]
  0x000002770fd1f840 JavaThread "jar transforms Thread 12" [_thread_blocked, id=33652, stack(0x00000087b9100000,0x00000087b9200000)]
  0x000002770fd21ec0 JavaThread "Cache worker for cache directory md-supplier (C:\Users\jane\.gradle\caches\8.13\md-supplier)" [_thread_blocked, id=11816, stack(0x00000087b9200000,0x00000087b9300000)]
  0x000002770fd236d0 JavaThread "Cache worker for cache directory md-rule (C:\Users\jane\.gradle\caches\8.13\md-rule)" [_thread_blocked, id=1832, stack(0x00000087b9300000,0x00000087b9400000)]
  0x000002770fd20b80 JavaThread "Unconstrained build operations" [_thread_blocked, id=29756, stack(0x00000087b9500000,0x00000087b9600000)]
  0x000002770fd24070 JavaThread "Unconstrained build operations Thread 2" [_thread_blocked, id=14280, stack(0x00000087b9600000,0x00000087b9700000)]
  0x000002770fd23ba0 JavaThread "Unconstrained build operations Thread 3" [_thread_blocked, id=1824, stack(0x00000087b9700000,0x00000087b9800000)]
  0x000002770fd206b0 JavaThread "Unconstrained build operations Thread 4" [_thread_blocked, id=27208, stack(0x00000087b9800000,0x00000087b9900000)]
  0x000002770fd25880 JavaThread "Unconstrained build operations Thread 5" [_thread_blocked, id=28496, stack(0x00000087b9900000,0x00000087b9a00000)]
  0x000002770fd24540 JavaThread "Unconstrained build operations Thread 6" [_thread_blocked, id=31284, stack(0x00000087b9a00000,0x00000087b9b00000)]
  0x000002770fd24a10 JavaThread "Unconstrained build operations Thread 7" [_thread_blocked, id=25064, stack(0x00000087b9b00000,0x00000087b9c00000)]
  0x000002770fd24ee0 JavaThread "Unconstrained build operations Thread 8" [_thread_blocked, id=21076, stack(0x00000087b9c00000,0x00000087b9d00000)]
  0x000002770fd253b0 JavaThread "Unconstrained build operations Thread 9" [_thread_blocked, id=26744, stack(0x00000087b9d00000,0x00000087b9e00000)]
  0x000002770d486bd0 JavaThread "Unconstrained build operations Thread 10" [_thread_blocked, id=27548, stack(0x00000087b9e00000,0x00000087b9f00000)]
  0x000002770d4870a0 JavaThread "Unconstrained build operations Thread 11" [_thread_blocked, id=23056, stack(0x00000087b9f00000,0x00000087ba000000)]
  0x000002770d485890 JavaThread "Unconstrained build operations Thread 12" [_thread_blocked, id=12732, stack(0x00000087ba000000,0x00000087ba100000)]
  0x000002770d486700 JavaThread "Unconstrained build operations Thread 13" [_thread_blocked, id=18072, stack(0x00000087ba100000,0x00000087ba200000)]
  0x000002770d487570 JavaThread "Unconstrained build operations Thread 14" [_thread_blocked, id=30944, stack(0x00000087ba200000,0x00000087ba300000)]
  0x000002770d487a40 JavaThread "Unconstrained build operations Thread 15" [_thread_blocked, id=33420, stack(0x00000087ba300000,0x00000087ba400000)]
  0x000002770d487f10 JavaThread "Unconstrained build operations Thread 16" [_thread_blocked, id=25876, stack(0x00000087ba400000,0x00000087ba500000)]
  0x000002770d485d60 JavaThread "Unconstrained build operations Thread 17" [_thread_blocked, id=24208, stack(0x00000087ba500000,0x00000087ba600000)]
  0x000002770d4883e0 JavaThread "Unconstrained build operations Thread 18" [_thread_blocked, id=33748, stack(0x00000087ba600000,0x00000087ba700000)]
  0x000002770d4888b0 JavaThread "Unconstrained build operations Thread 19" [_thread_blocked, id=31224, stack(0x00000087ba700000,0x00000087ba800000)]
  0x000002770d488d80 JavaThread "Unconstrained build operations Thread 20" [_thread_blocked, id=2504, stack(0x00000087ba800000,0x00000087ba900000)]
  0x000002770d489250 JavaThread "Unconstrained build operations Thread 21" [_thread_blocked, id=22020, stack(0x00000087ba900000,0x00000087baa00000)]
  0x000002770d489720 JavaThread "Unconstrained build operations Thread 22" [_thread_blocked, id=32324, stack(0x00000087baa00000,0x00000087bab00000)]
  0x000002770d486230 JavaThread "Unconstrained build operations Thread 23" [_thread_blocked, id=27900, stack(0x00000087bab00000,0x00000087bac00000)]
  0x000002770d48b8d0 JavaThread "Unconstrained build operations Thread 24" [_thread_blocked, id=4948, stack(0x00000087bac00000,0x00000087bad00000)]
  0x1065646f43040001 
[error occurred during error reporting (printing all threads), id 0xc0000005, EXCEPTION_ACCESS_VIOLATION (0xc0000005) at pc=0x00007ffaffd436bc]

VM state: not at safepoint (normal execution)

VM Mutex/Monitor currently owned by a thread: None

Heap address: 0x0000000700000000, size: 4096 MB, Compressed Oops mode: Zero based, Oop shift amount: 3

CDS archive(s) mapped at: [0x0000000800000000-0x0000000800bc0000-0x0000000800bc0000), size 12320768, SharedBaseAddress: 0x0000000800000000, ArchiveRelocationMode: 0.
Compressed class space mapped at: 0x0000000800c00000-0x0000000840c00000, reserved size: 1073741824
Narrow klass base: 0x0000000800000000, Narrow klass shift: 0, Narrow klass range: 0x100000000

GC Precious Log:
 CPUs: 12 total, 12 available
 Memory: 15556M
 Large Page Support: Disabled
 NUMA Support: Disabled
 Compressed Oops: Enabled (Zero based)
 Heap Region Size: 2M
 Heap Min Capacity: 8M
 Heap Initial Capacity: 244M
 Heap Max Capacity: 4G
 Pre-touch: Disabled
 Parallel Workers: 10
 Concurrent Workers: 3
 Concurrent Refinement Workers: 10
 Periodic GC: Disabled

Heap:
 garbage-first heap   total 491520K, used 136466K [0x0000000700000000, 0x0000000800000000)
  region size 2048K, 7 young (14336K), 1 survivors (2048K)
 Metaspace       used 102596K, committed 103424K, reserved 1138688K
  class space    used 13842K, committed 14272K, reserved 1048576K

Heap Regions: E=young(eden), S=young(survivor), O=old, HS=humongous(starts), HC=humongous(continues), CS=collection set, F=free, OA=open archive, CA=closed archive, TAMS=top-at-mark-start (previous, next)
|   0|0x0000000700000000, 0x0000000700200000, 0x0000000700200000|100%|HS|  |TAMS 0x0000000700200000, 0x0000000700000000| Complete 
|   1|0x0000000700200000, 0x0000000700400000, 0x0000000700400000|100%|HC|  |TAMS 0x0000000700400000, 0x0000000700200000| Complete 
|   2|0x0000000700400000, 0x0000000700600000, 0x0000000700600000|100%| O|  |TAMS 0x0000000700600000, 0x0000000700400000| Untracked 
|   3|0x0000000700600000, 0x0000000700800000, 0x0000000700800000|100%| O|  |TAMS 0x0000000700800000, 0x0000000700600000| Untracked 
|   4|0x0000000700800000, 0x0000000700a00000, 0x0000000700a00000|100%| O|  |TAMS 0x0000000700a00000, 0x0000000700800000| Untracked 
|   5|0x0000000700a00000, 0x0000000700c00000, 0x0000000700c00000|100%| O|  |TAMS 0x0000000700c00000, 0x0000000700a00000| Untracked 
|   6|0x0000000700c00000, 0x0000000700e00000, 0x0000000700e00000|100%| O|  |TAMS 0x0000000700e00000, 0x0000000700c00000| Untracked 
|   7|0x0000000700e00000, 0x0000000701000000, 0x0000000701000000|100%| O|  |TAMS 0x0000000701000000, 0x0000000700e00000| Untracked 
|   8|0x0000000701000000, 0x0000000701200000, 0x0000000701200000|100%| O|  |TAMS 0x0000000701200000, 0x0000000701000000| Untracked 
|   9|0x0000000701200000, 0x0000000701400000, 0x0000000701400000|100%| O|  |TAMS 0x0000000701400000, 0x0000000701200000| Untracked 
|  10|0x0000000701400000, 0x0000000701600000, 0x0000000701600000|100%| O|  |TAMS 0x0000000701600000, 0x0000000701400000| Untracked 
|  11|0x0000000701600000, 0x0000000701800000, 0x0000000701800000|100%| O|  |TAMS 0x0000000701800000, 0x0000000701600000| Untracked 
|  12|0x0000000701800000, 0x0000000701a00000, 0x0000000701a00000|100%| O|  |TAMS 0x0000000701a00000, 0x0000000701800000| Untracked 
|  13|0x0000000701a00000, 0x0000000701c00000, 0x0000000701c00000|100%| O|  |TAMS 0x0000000701c00000, 0x0000000701a00000| Untracked 
|  14|0x0000000701c00000, 0x0000000701e00000, 0x0000000701e00000|100%| O|  |TAMS 0x0000000701e00000, 0x0000000701c00000| Untracked 
|  15|0x0000000701e00000, 0x0000000702000000, 0x0000000702000000|100%| O|  |TAMS 0x0000000702000000, 0x0000000701e00000| Untracked 
|  16|0x0000000702000000, 0x0000000702200000, 0x0000000702200000|100%| O|  |TAMS 0x0000000702200000, 0x0000000702000000| Untracked 
|  17|0x0000000702200000, 0x0000000702400000, 0x0000000702400000|100%| O|  |TAMS 0x0000000702400000, 0x0000000702200000| Untracked 
|  18|0x0000000702400000, 0x0000000702600000, 0x0000000702600000|100%| O|  |TAMS 0x0000000702600000, 0x0000000702400000| Untracked 
|  19|0x0000000702600000, 0x0000000702800000, 0x0000000702800000|100%| O|  |TAMS 0x0000000702800000, 0x0000000702600000| Untracked 
|  20|0x0000000702800000, 0x0000000702a00000, 0x0000000702a00000|100%| O|  |TAMS 0x0000000702a00000, 0x0000000702800000| Untracked 
|  21|0x0000000702a00000, 0x0000000702c00000, 0x0000000702c00000|100%| O|  |TAMS 0x0000000702c00000, 0x0000000702a00000| Untracked 
|  22|0x0000000702c00000, 0x0000000702e00000, 0x0000000702e00000|100%| O|  |TAMS 0x0000000702e00000, 0x0000000702c00000| Untracked 
|  23|0x0000000702e00000, 0x0000000703000000, 0x0000000703000000|100%| O|  |TAMS 0x0000000703000000, 0x0000000702e00000| Untracked 
|  24|0x0000000703000000, 0x0000000703000000, 0x0000000703200000|  0%| F|  |TAMS 0x0000000703000000, 0x0000000703000000| Untracked 
|  25|0x0000000703200000, 0x0000000703400000, 0x0000000703400000|100%| O|  |TAMS 0x0000000703200000, 0x0000000703200000| Untracked 
|  26|0x0000000703400000, 0x0000000703600000, 0x0000000703600000|100%| O|  |TAMS 0x0000000703600000, 0x0000000703400000| Untracked 
|  27|0x0000000703600000, 0x0000000703800000, 0x0000000703800000|100%|HS|  |TAMS 0x0000000703800000, 0x0000000703600000| Complete 
|  28|0x0000000703800000, 0x0000000703a00000, 0x0000000703a00000|100%| O|  |TAMS 0x0000000703a00000, 0x0000000703800000| Untracked 
|  29|0x0000000703a00000, 0x0000000703c00000, 0x0000000703c00000|100%| O|  |TAMS 0x0000000703c00000, 0x0000000703a00000| Untracked 
|  30|0x0000000703c00000, 0x0000000703e00000, 0x0000000703e00000|100%| O|  |TAMS 0x0000000703e00000, 0x0000000703c00000| Untracked 
|  31|0x0000000703e00000, 0x0000000704000000, 0x0000000704000000|100%| O|  |TAMS 0x0000000704000000, 0x0000000703e00000| Untracked 
|  32|0x0000000704000000, 0x0000000704200000, 0x0000000704200000|100%| O|  |TAMS 0x0000000704200000, 0x0000000704000000| Untracked 
|  33|0x0000000704200000, 0x0000000704400000, 0x0000000704400000|100%| O|  |TAMS 0x0000000704400000, 0x0000000704200000| Untracked 
|  34|0x0000000704400000, 0x0000000704600000, 0x0000000704600000|100%| O|  |TAMS 0x0000000704600000, 0x0000000704400000| Untracked 
|  35|0x0000000704600000, 0x0000000704800000, 0x0000000704800000|100%| O|  |TAMS 0x0000000704800000, 0x0000000704600000| Untracked 
|  36|0x0000000704800000, 0x0000000704a00000, 0x0000000704a00000|100%| O|  |TAMS 0x0000000704a00000, 0x0000000704800000| Untracked 
|  37|0x0000000704a00000, 0x0000000704c00000, 0x0000000704c00000|100%| O|  |TAMS 0x0000000704c00000, 0x0000000704a00000| Untracked 
|  38|0x0000000704c00000, 0x0000000704e00000, 0x0000000704e00000|100%|HS|  |TAMS 0x0000000704e00000, 0x0000000704c00000| Complete 
|  39|0x0000000704e00000, 0x0000000705000000, 0x0000000705000000|100%| O|  |TAMS 0x0000000705000000, 0x0000000704e00000| Untracked 
|  40|0x0000000705000000, 0x0000000705200000, 0x0000000705200000|100%| O|  |TAMS 0x0000000705200000, 0x0000000705000000| Untracked 
|  41|0x0000000705200000, 0x0000000705400000, 0x0000000705400000|100%| O|  |TAMS 0x0000000705400000, 0x0000000705200000| Untracked 
|  42|0x0000000705400000, 0x0000000705600000, 0x0000000705600000|100%| O|  |TAMS 0x0000000705600000, 0x0000000705400000| Untracked 
|  43|0x0000000705600000, 0x0000000705800000, 0x0000000705800000|100%| O|  |TAMS 0x0000000705800000, 0x0000000705600000| Untracked 
|  44|0x0000000705800000, 0x0000000705a00000, 0x0000000705a00000|100%| O|  |TAMS 0x0000000705a00000, 0x0000000705800000| Untracked 
|  45|0x0000000705a00000, 0x0000000705c00000, 0x0000000705c00000|100%| O|  |TAMS 0x0000000705c00000, 0x0000000705a00000| Untracked 
|  46|0x0000000705c00000, 0x0000000705e00000, 0x0000000705e00000|100%| O|  |TAMS 0x0000000705e00000, 0x0000000705c00000| Untracked 
|  47|0x0000000705e00000, 0x0000000706000000, 0x0000000706000000|100%| O|  |TAMS 0x0000000706000000, 0x0000000705e00000| Untracked 
|  48|0x0000000706000000, 0x0000000706200000, 0x0000000706200000|100%| O|  |TAMS 0x0000000706200000, 0x0000000706000000| Untracked 
|  49|0x0000000706200000, 0x0000000706400000, 0x0000000706400000|100%| O|  |TAMS 0x0000000706400000, 0x0000000706200000| Untracked 
|  50|0x0000000706400000, 0x0000000706600000, 0x0000000706600000|100%| O|  |TAMS 0x0000000706600000, 0x0000000706400000| Untracked 
|  51|0x0000000706600000, 0x0000000706800000, 0x0000000706800000|100%| O|  |TAMS 0x0000000706800000, 0x0000000706600000| Untracked 
|  52|0x0000000706800000, 0x0000000706a00000, 0x0000000706a00000|100%| O|  |TAMS 0x0000000706a00000, 0x0000000706800000| Untracked 
|  53|0x0000000706a00000, 0x0000000706c00000, 0x0000000706c00000|100%| O|  |TAMS 0x0000000706c00000, 0x0000000706a00000| Untracked 
|  54|0x0000000706c00000, 0x0000000706e00000, 0x0000000706e00000|100%| O|  |TAMS 0x0000000706e00000, 0x0000000706c00000| Untracked 
|  55|0x0000000706e00000, 0x0000000707000000, 0x0000000707000000|100%| O|  |TAMS 0x0000000706ee8c00, 0x0000000706e00000| Untracked 
|  56|0x0000000707000000, 0x0000000707200000, 0x0000000707200000|100%|HS|  |TAMS 0x0000000707200000, 0x0000000707000000| Complete 
|  57|0x0000000707200000, 0x0000000707400000, 0x0000000707400000|100%|HC|  |TAMS 0x0000000707400000, 0x0000000707200000| Complete 
|  58|0x0000000707400000, 0x0000000707600000, 0x0000000707600000|100%|HC|  |TAMS 0x0000000707600000, 0x0000000707400000| Complete 
|  59|0x0000000707600000, 0x0000000707800000, 0x0000000707800000|100%| O|  |TAMS 0x0000000707600000, 0x0000000707600000| Untracked 
|  60|0x0000000707800000, 0x0000000707a00000, 0x0000000707a00000|100%| O|  |TAMS 0x0000000707800000, 0x0000000707800000| Untracked 
|  61|0x0000000707a00000, 0x0000000707c00000, 0x0000000707c00000|100%| O|  |TAMS 0x0000000707a00000, 0x0000000707a00000| Untracked 
|  62|0x0000000707c00000, 0x0000000707e00000, 0x0000000707e00000|100%| O|  |TAMS 0x0000000707c00000, 0x0000000707c00000| Untracked 
|  63|0x0000000707e00000, 0x0000000707e72400, 0x0000000708000000| 22%| O|  |TAMS 0x0000000707e00000, 0x0000000707e00000| Untracked 
|  64|0x0000000708000000, 0x0000000708000000, 0x0000000708200000|  0%| F|  |TAMS 0x0000000708000000, 0x0000000708000000| Untracked 
|  65|0x0000000708200000, 0x0000000708200000, 0x0000000708400000|  0%| F|  |TAMS 0x0000000708200000, 0x0000000708200000| Untracked 
|  66|0x0000000708400000, 0x0000000708400000, 0x0000000708600000|  0%| F|  |TAMS 0x0000000708400000, 0x0000000708400000| Untracked 
|  67|0x0000000708600000, 0x0000000708600000, 0x0000000708800000|  0%| F|  |TAMS 0x0000000708600000, 0x0000000708600000| Untracked 
|  68|0x0000000708800000, 0x0000000708800000, 0x0000000708a00000|  0%| F|  |TAMS 0x0000000708800000, 0x0000000708800000| Untracked 
|  69|0x0000000708a00000, 0x0000000708a00000, 0x0000000708c00000|  0%| F|  |TAMS 0x0000000708a00000, 0x0000000708a00000| Untracked 
|  70|0x0000000708c00000, 0x0000000708c00000, 0x0000000708e00000|  0%| F|  |TAMS 0x0000000708c00000, 0x0000000708c00000| Untracked 
|  71|0x0000000708e00000, 0x0000000708e00000, 0x0000000709000000|  0%| F|  |TAMS 0x0000000708e00000, 0x0000000708e00000| Untracked 
|  72|0x0000000709000000, 0x0000000709000000, 0x0000000709200000|  0%| F|  |TAMS 0x0000000709000000, 0x0000000709000000| Untracked 
|  73|0x0000000709200000, 0x0000000709200000, 0x0000000709400000|  0%| F|  |TAMS 0x0000000709200000, 0x0000000709200000| Untracked 
|  74|0x0000000709400000, 0x0000000709400000, 0x0000000709600000|  0%| F|  |TAMS 0x0000000709400000, 0x0000000709400000| Untracked 
|  75|0x0000000709600000, 0x0000000709600000, 0x0000000709800000|  0%| F|  |TAMS 0x0000000709600000, 0x0000000709600000| Untracked 
|  76|0x0000000709800000, 0x0000000709800000, 0x0000000709a00000|  0%| F|  |TAMS 0x0000000709800000, 0x0000000709800000| Untracked 
|  77|0x0000000709a00000, 0x0000000709a00000, 0x0000000709c00000|  0%| F|  |TAMS 0x0000000709a00000, 0x0000000709a00000| Untracked 
|  78|0x0000000709c00000, 0x0000000709c00000, 0x0000000709e00000|  0%| F|  |TAMS 0x0000000709c00000, 0x0000000709c00000| Untracked 
|  79|0x0000000709e00000, 0x0000000709e00000, 0x000000070a000000|  0%| F|  |TAMS 0x0000000709e00000, 0x0000000709e00000| Untracked 
|  80|0x000000070a000000, 0x000000070a000000, 0x000000070a200000|  0%| F|  |TAMS 0x000000070a000000, 0x000000070a000000| Untracked 
|  81|0x000000070a200000, 0x000000070a200000, 0x000000070a400000|  0%| F|  |TAMS 0x000000070a200000, 0x000000070a200000| Untracked 
|  82|0x000000070a400000, 0x000000070a400000, 0x000000070a600000|  0%| F|  |TAMS 0x000000070a400000, 0x000000070a400000| Untracked 
|  83|0x000000070a600000, 0x000000070a600000, 0x000000070a800000|  0%| F|  |TAMS 0x000000070a600000, 0x000000070a600000| Untracked 
|  84|0x000000070a800000, 0x000000070a800000, 0x000000070aa00000|  0%| F|  |TAMS 0x000000070a800000, 0x000000070a800000| Untracked 
|  85|0x000000070aa00000, 0x000000070aa00000, 0x000000070ac00000|  0%| F|  |TAMS 0x000000070aa00000, 0x000000070aa00000| Untracked 
|  86|0x000000070ac00000, 0x000000070ac00000, 0x000000070ae00000|  0%| F|  |TAMS 0x000000070ac00000, 0x000000070ac00000| Untracked 
|  87|0x000000070ae00000, 0x000000070ae00000, 0x000000070b000000|  0%| F|  |TAMS 0x000000070ae00000, 0x000000070ae00000| Untracked 
|  88|0x000000070b000000, 0x000000070b000000, 0x000000070b200000|  0%| F|  |TAMS 0x000000070b000000, 0x000000070b000000| Untracked 
|  89|0x000000070b200000, 0x000000070b200000, 0x000000070b400000|  0%| F|  |TAMS 0x000000070b200000, 0x000000070b200000| Untracked 
|  90|0x000000070b400000, 0x000000070b400000, 0x000000070b600000|  0%| F|  |TAMS 0x000000070b400000, 0x000000070b400000| Untracked 
|  91|0x000000070b600000, 0x000000070b600000, 0x000000070b800000|  0%| F|  |TAMS 0x000000070b600000, 0x000000070b600000| Untracked 
|  92|0x000000070b800000, 0x000000070b800000, 0x000000070ba00000|  0%| F|  |TAMS 0x000000070b800000, 0x000000070b800000| Untracked 
|  93|0x000000070ba00000, 0x000000070ba00000, 0x000000070bc00000|  0%| F|  |TAMS 0x000000070ba00000, 0x000000070ba00000| Untracked 
|  94|0x000000070bc00000, 0x000000070bc00000, 0x000000070be00000|  0%| F|  |TAMS 0x000000070bc00000, 0x000000070bc00000| Untracked 
|  95|0x000000070be00000, 0x000000070be00000, 0x000000070c000000|  0%| F|  |TAMS 0x000000070be00000, 0x000000070be00000| Untracked 
|  96|0x000000070c000000, 0x000000070c000000, 0x000000070c200000|  0%| F|  |TAMS 0x000000070c000000, 0x000000070c000000| Untracked 
|  97|0x000000070c200000, 0x000000070c200000, 0x000000070c400000|  0%| F|  |TAMS 0x000000070c200000, 0x000000070c200000| Untracked 
|  98|0x000000070c400000, 0x000000070c400000, 0x000000070c600000|  0%| F|  |TAMS 0x000000070c400000, 0x000000070c400000| Untracked 
|  99|0x000000070c600000, 0x000000070c600000, 0x000000070c800000|  0%| F|  |TAMS 0x000000070c600000, 0x000000070c600000| Untracked 
| 100|0x000000070c800000, 0x000000070c800000, 0x000000070ca00000|  0%| F|  |TAMS 0x000000070c800000, 0x000000070c800000| Untracked 
| 101|0x000000070ca00000, 0x000000070ca00000, 0x000000070cc00000|  0%| F|  |TAMS 0x000000070ca00000, 0x000000070ca00000| Untracked 
| 102|0x000000070cc00000, 0x000000070cc00000, 0x000000070ce00000|  0%| F|  |TAMS 0x000000070cc00000, 0x000000070cc00000| Untracked 
| 103|0x000000070ce00000, 0x000000070ced2780, 0x000000070d000000| 41%| S|CS|TAMS 0x000000070ce00000, 0x000000070ce00000| Complete 
| 104|0x000000070d000000, 0x000000070d000000, 0x000000070d200000|  0%| F|  |TAMS 0x000000070d000000, 0x000000070d000000| Untracked 
| 105|0x000000070d200000, 0x000000070d200000, 0x000000070d400000|  0%| F|  |TAMS 0x000000070d200000, 0x000000070d200000| Untracked 
| 106|0x000000070d400000, 0x000000070d400000, 0x000000070d600000|  0%| F|  |TAMS 0x000000070d400000, 0x000000070d400000| Untracked 
| 107|0x000000070d600000, 0x000000070d600000, 0x000000070d800000|  0%| F|  |TAMS 0x000000070d600000, 0x000000070d600000| Untracked 
| 108|0x000000070d800000, 0x000000070d800000, 0x000000070da00000|  0%| F|  |TAMS 0x000000070d800000, 0x000000070d800000| Untracked 
| 109|0x000000070da00000, 0x000000070da00000, 0x000000070dc00000|  0%| F|  |TAMS 0x000000070da00000, 0x000000070da00000| Untracked 
| 110|0x000000070dc00000, 0x000000070dc00000, 0x000000070de00000|  0%| F|  |TAMS 0x000000070dc00000, 0x000000070dc00000| Untracked 
| 111|0x000000070de00000, 0x000000070de00000, 0x000000070e000000|  0%| F|  |TAMS 0x000000070de00000, 0x000000070de00000| Untracked 
| 112|0x000000070e000000, 0x000000070e000000, 0x000000070e200000|  0%| F|  |TAMS 0x000000070e000000, 0x000000070e000000| Untracked 
| 113|0x000000070e200000, 0x000000070e200000, 0x000000070e400000|  0%| F|  |TAMS 0x000000070e200000, 0x000000070e200000| Untracked 
| 114|0x000000070e400000, 0x000000070e400000, 0x000000070e600000|  0%| F|  |TAMS 0x000000070e400000, 0x000000070e400000| Untracked 
| 115|0x000000070e600000, 0x000000070e600000, 0x000000070e800000|  0%| F|  |TAMS 0x000000070e600000, 0x000000070e600000| Untracked 
| 116|0x000000070e800000, 0x000000070e800000, 0x000000070ea00000|  0%| F|  |TAMS 0x000000070e800000, 0x000000070e800000| Untracked 
| 117|0x000000070ea00000, 0x000000070ea00000, 0x000000070ec00000|  0%| F|  |TAMS 0x000000070ea00000, 0x000000070ea00000| Untracked 
| 118|0x000000070ec00000, 0x000000070ec00000, 0x000000070ee00000|  0%| F|  |TAMS 0x000000070ec00000, 0x000000070ec00000| Untracked 
| 119|0x000000070ee00000, 0x000000070ee00000, 0x000000070f000000|  0%| F|  |TAMS 0x000000070ee00000, 0x000000070ee00000| Untracked 
| 120|0x000000070f000000, 0x000000070f000000, 0x000000070f200000|  0%| F|  |TAMS 0x000000070f000000, 0x000000070f000000| Untracked 
| 121|0x000000070f200000, 0x000000070f200000, 0x000000070f400000|  0%| F|  |TAMS 0x000000070f200000, 0x000000070f200000| Untracked 
| 122|0x000000070f400000, 0x000000070f400000, 0x000000070f600000|  0%| F|  |TAMS 0x000000070f400000, 0x000000070f400000| Untracked 
| 123|0x000000070f600000, 0x000000070f600000, 0x000000070f800000|  0%| F|  |TAMS 0x000000070f600000, 0x000000070f600000| Untracked 
| 124|0x000000070f800000, 0x000000070f800000, 0x000000070fa00000|  0%| F|  |TAMS 0x000000070f800000, 0x000000070f800000| Untracked 
| 125|0x000000070fa00000, 0x000000070fa00000, 0x000000070fc00000|  0%| F|  |TAMS 0x000000070fa00000, 0x000000070fa00000| Untracked 
| 126|0x000000070fc00000, 0x000000070fc00000, 0x000000070fe00000|  0%| F|  |TAMS 0x000000070fc00000, 0x000000070fc00000| Untracked 
| 127|0x000000070fe00000, 0x000000070fe00000, 0x0000000710000000|  0%| F|  |TAMS 0x000000070fe00000, 0x000000070fe00000| Untracked 
| 128|0x0000000710000000, 0x0000000710000000, 0x0000000710200000|  0%| F|  |TAMS 0x0000000710000000, 0x0000000710000000| Untracked 
| 129|0x0000000710200000, 0x0000000710200000, 0x0000000710400000|  0%| F|  |TAMS 0x0000000710200000, 0x0000000710200000| Untracked 
| 130|0x0000000710400000, 0x0000000710400000, 0x0000000710600000|  0%| F|  |TAMS 0x0000000710400000, 0x0000000710400000| Untracked 
| 131|0x0000000710600000, 0x0000000710600000, 0x0000000710800000|  0%| F|  |TAMS 0x0000000710600000, 0x0000000710600000| Untracked 
| 132|0x0000000710800000, 0x0000000710800000, 0x0000000710a00000|  0%| F|  |TAMS 0x0000000710800000, 0x0000000710800000| Untracked 
| 133|0x0000000710a00000, 0x0000000710a00000, 0x0000000710c00000|  0%| F|  |TAMS 0x0000000710a00000, 0x0000000710a00000| Untracked 
| 134|0x0000000710c00000, 0x0000000710c00000, 0x0000000710e00000|  0%| F|  |TAMS 0x0000000710c00000, 0x0000000710c00000| Untracked 
| 135|0x0000000710e00000, 0x0000000710e00000, 0x0000000711000000|  0%| F|  |TAMS 0x0000000710e00000, 0x0000000710e00000| Untracked 
| 136|0x0000000711000000, 0x0000000711000000, 0x0000000711200000|  0%| F|  |TAMS 0x0000000711000000, 0x0000000711000000| Untracked 
| 137|0x0000000711200000, 0x0000000711200000, 0x0000000711400000|  0%| F|  |TAMS 0x0000000711200000, 0x0000000711200000| Untracked 
| 138|0x0000000711400000, 0x0000000711400000, 0x0000000711600000|  0%| F|  |TAMS 0x0000000711400000, 0x0000000711400000| Untracked 
| 139|0x0000000711600000, 0x0000000711600000, 0x0000000711800000|  0%| F|  |TAMS 0x0000000711600000, 0x0000000711600000| Untracked 
| 140|0x0000000711800000, 0x0000000711800000, 0x0000000711a00000|  0%| F|  |TAMS 0x0000000711800000, 0x0000000711800000| Untracked 
| 141|0x0000000711a00000, 0x0000000711a00000, 0x0000000711c00000|  0%| F|  |TAMS 0x0000000711a00000, 0x0000000711a00000| Untracked 
| 142|0x0000000711c00000, 0x0000000711c00000, 0x0000000711e00000|  0%| F|  |TAMS 0x0000000711c00000, 0x0000000711c00000| Untracked 
| 143|0x0000000711e00000, 0x0000000711e00000, 0x0000000712000000|  0%| F|  |TAMS 0x0000000711e00000, 0x0000000711e00000| Untracked 
| 144|0x0000000712000000, 0x0000000712000000, 0x0000000712200000|  0%| F|  |TAMS 0x0000000712000000, 0x0000000712000000| Untracked 
| 145|0x0000000712200000, 0x0000000712200000, 0x0000000712400000|  0%| F|  |TAMS 0x0000000712200000, 0x0000000712200000| Untracked 
| 146|0x0000000712400000, 0x0000000712400000, 0x0000000712600000|  0%| F|  |TAMS 0x0000000712400000, 0x0000000712400000| Untracked 
| 147|0x0000000712600000, 0x0000000712600000, 0x0000000712800000|  0%| F|  |TAMS 0x0000000712600000, 0x0000000712600000| Untracked 
| 148|0x0000000712800000, 0x0000000712800000, 0x0000000712a00000|  0%| F|  |TAMS 0x0000000712800000, 0x0000000712800000| Untracked 
| 149|0x0000000712a00000, 0x0000000712a00000, 0x0000000712c00000|  0%| F|  |TAMS 0x0000000712a00000, 0x0000000712a00000| Untracked 
| 150|0x0000000712c00000, 0x0000000712c00000, 0x0000000712e00000|  0%| F|  |TAMS 0x0000000712c00000, 0x0000000712c00000| Untracked 
| 151|0x0000000712e00000, 0x0000000712e00000, 0x0000000713000000|  0%| F|  |TAMS 0x0000000712e00000, 0x0000000712e00000| Untracked 
| 152|0x0000000713000000, 0x0000000713000000, 0x0000000713200000|  0%| F|  |TAMS 0x0000000713000000, 0x0000000713000000| Untracked 
| 153|0x0000000713200000, 0x0000000713200000, 0x0000000713400000|  0%| F|  |TAMS 0x0000000713200000, 0x0000000713200000| Untracked 
| 154|0x0000000713400000, 0x0000000713400000, 0x0000000713600000|  0%| F|  |TAMS 0x0000000713400000, 0x0000000713400000| Untracked 
| 155|0x0000000713600000, 0x0000000713600000, 0x0000000713800000|  0%| F|  |TAMS 0x0000000713600000, 0x0000000713600000| Untracked 
| 156|0x0000000713800000, 0x0000000713800000, 0x0000000713a00000|  0%| F|  |TAMS 0x0000000713800000, 0x0000000713800000| Untracked 
| 157|0x0000000713a00000, 0x0000000713a00000, 0x0000000713c00000|  0%| F|  |TAMS 0x0000000713a00000, 0x0000000713a00000| Untracked 
| 158|0x0000000713c00000, 0x0000000713c00000, 0x0000000713e00000|  0%| F|  |TAMS 0x0000000713c00000, 0x0000000713c00000| Untracked 
| 159|0x0000000713e00000, 0x0000000713e00000, 0x0000000714000000|  0%| F|  |TAMS 0x0000000713e00000, 0x0000000713e00000| Untracked 
| 160|0x0000000714000000, 0x0000000714000000, 0x0000000714200000|  0%| F|  |TAMS 0x0000000714000000, 0x0000000714000000| Untracked 
| 161|0x0000000714200000, 0x0000000714200000, 0x0000000714400000|  0%| F|  |TAMS 0x0000000714200000, 0x0000000714200000| Untracked 
| 162|0x0000000714400000, 0x0000000714400000, 0x0000000714600000|  0%| F|  |TAMS 0x0000000714400000, 0x0000000714400000| Untracked 
| 163|0x0000000714600000, 0x0000000714600000, 0x0000000714800000|  0%| F|  |TAMS 0x0000000714600000, 0x0000000714600000| Untracked 
| 164|0x0000000714800000, 0x0000000714800000, 0x0000000714a00000|  0%| F|  |TAMS 0x0000000714800000, 0x0000000714800000| Untracked 
| 165|0x0000000714a00000, 0x0000000714a00000, 0x0000000714c00000|  0%| F|  |TAMS 0x0000000714a00000, 0x0000000714a00000| Untracked 
| 166|0x0000000714c00000, 0x0000000714c00000, 0x0000000714e00000|  0%| F|  |TAMS 0x0000000714c00000, 0x0000000714c00000| Untracked 
| 167|0x0000000714e00000, 0x0000000714e00000, 0x0000000715000000|  0%| F|  |TAMS 0x0000000714e00000, 0x0000000714e00000| Untracked 
| 168|0x0000000715000000, 0x0000000715000000, 0x0000000715200000|  0%| F|  |TAMS 0x0000000715000000, 0x0000000715000000| Untracked 
| 169|0x0000000715200000, 0x0000000715200000, 0x0000000715400000|  0%| F|  |TAMS 0x0000000715200000, 0x0000000715200000| Untracked 
| 170|0x0000000715400000, 0x0000000715400000, 0x0000000715600000|  0%| F|  |TAMS 0x0000000715400000, 0x0000000715400000| Untracked 
| 171|0x0000000715600000, 0x0000000715600000, 0x0000000715800000|  0%| F|  |TAMS 0x0000000715600000, 0x0000000715600000| Untracked 
| 172|0x0000000715800000, 0x0000000715800000, 0x0000000715a00000|  0%| F|  |TAMS 0x0000000715800000, 0x0000000715800000| Untracked 
| 173|0x0000000715a00000, 0x0000000715a00000, 0x0000000715c00000|  0%| F|  |TAMS 0x0000000715a00000, 0x0000000715a00000| Untracked 
| 174|0x0000000715c00000, 0x0000000715c00000, 0x0000000715e00000|  0%| F|  |TAMS 0x0000000715c00000, 0x0000000715c00000| Untracked 
| 175|0x0000000715e00000, 0x0000000715e00000, 0x0000000716000000|  0%| F|  |TAMS 0x0000000715e00000, 0x0000000715e00000| Untracked 
| 176|0x0000000716000000, 0x0000000716000000, 0x0000000716200000|  0%| F|  |TAMS 0x0000000716000000, 0x0000000716000000| Untracked 
| 177|0x0000000716200000, 0x0000000716200000, 0x0000000716400000|  0%| F|  |TAMS 0x0000000716200000, 0x0000000716200000| Untracked 
| 178|0x0000000716400000, 0x0000000716400000, 0x0000000716600000|  0%| F|  |TAMS 0x0000000716400000, 0x0000000716400000| Untracked 
| 179|0x0000000716600000, 0x0000000716600000, 0x0000000716800000|  0%| F|  |TAMS 0x0000000716600000, 0x0000000716600000| Untracked 
| 180|0x0000000716800000, 0x0000000716800000, 0x0000000716a00000|  0%| F|  |TAMS 0x0000000716800000, 0x0000000716800000| Untracked 
| 181|0x0000000716a00000, 0x0000000716a00000, 0x0000000716c00000|  0%| F|  |TAMS 0x0000000716a00000, 0x0000000716a00000| Untracked 
| 182|0x0000000716c00000, 0x0000000716c00000, 0x0000000716e00000|  0%| F|  |TAMS 0x0000000716c00000, 0x0000000716c00000| Untracked 
| 183|0x0000000716e00000, 0x0000000716e00000, 0x0000000717000000|  0%| F|  |TAMS 0x0000000716e00000, 0x0000000716e00000| Untracked 
| 184|0x0000000717000000, 0x0000000717000000, 0x0000000717200000|  0%| F|  |TAMS 0x0000000717000000, 0x0000000717000000| Untracked 
| 185|0x0000000717200000, 0x0000000717200000, 0x0000000717400000|  0%| F|  |TAMS 0x0000000717200000, 0x0000000717200000| Untracked 
| 186|0x0000000717400000, 0x0000000717400000, 0x0000000717600000|  0%| F|  |TAMS 0x0000000717400000, 0x0000000717400000| Untracked 
| 187|0x0000000717600000, 0x0000000717600000, 0x0000000717800000|  0%| F|  |TAMS 0x0000000717600000, 0x0000000717600000| Untracked 
| 188|0x0000000717800000, 0x0000000717800000, 0x0000000717a00000|  0%| F|  |TAMS 0x0000000717800000, 0x0000000717800000| Untracked 
| 189|0x0000000717a00000, 0x0000000717a00000, 0x0000000717c00000|  0%| F|  |TAMS 0x0000000717a00000, 0x0000000717a00000| Untracked 
| 190|0x0000000717c00000, 0x0000000717c00000, 0x0000000717e00000|  0%| F|  |TAMS 0x0000000717c00000, 0x0000000717c00000| Untracked 
| 191|0x0000000717e00000, 0x0000000717e00000, 0x0000000718000000|  0%| F|  |TAMS 0x0000000717e00000, 0x0000000717e00000| Untracked 
| 192|0x0000000718000000, 0x0000000718000000, 0x0000000718200000|  0%| F|  |TAMS 0x0000000718000000, 0x0000000718000000| Untracked 
| 193|0x0000000718200000, 0x0000000718200000, 0x0000000718400000|  0%| F|  |TAMS 0x0000000718200000, 0x0000000718200000| Untracked 
| 194|0x0000000718400000, 0x0000000718400000, 0x0000000718600000|  0%| F|  |TAMS 0x0000000718400000, 0x0000000718400000| Untracked 
| 195|0x0000000718600000, 0x0000000718600000, 0x0000000718800000|  0%| F|  |TAMS 0x0000000718600000, 0x0000000718600000| Untracked 
| 196|0x0000000718800000, 0x0000000718800000, 0x0000000718a00000|  0%| F|  |TAMS 0x0000000718800000, 0x0000000718800000| Untracked 
| 197|0x0000000718a00000, 0x0000000718a00000, 0x0000000718c00000|  0%| F|  |TAMS 0x0000000718a00000, 0x0000000718a00000| Untracked 
| 198|0x0000000718c00000, 0x0000000718c00000, 0x0000000718e00000|  0%| F|  |TAMS 0x0000000718c00000, 0x0000000718c00000| Untracked 
| 199|0x0000000718e00000, 0x0000000718e00000, 0x0000000719000000|  0%| F|  |TAMS 0x0000000718e00000, 0x0000000718e00000| Untracked 
| 200|0x0000000719000000, 0x0000000719000000, 0x0000000719200000|  0%| F|  |TAMS 0x0000000719000000, 0x0000000719000000| Untracked 
| 201|0x0000000719200000, 0x0000000719200000, 0x0000000719400000|  0%| F|  |TAMS 0x0000000719200000, 0x0000000719200000| Untracked 
| 202|0x0000000719400000, 0x0000000719400000, 0x0000000719600000|  0%| F|  |TAMS 0x0000000719400000, 0x0000000719400000| Untracked 
| 203|0x0000000719600000, 0x0000000719600000, 0x0000000719800000|  0%| F|  |TAMS 0x0000000719600000, 0x0000000719600000| Untracked 
| 204|0x0000000719800000, 0x0000000719800000, 0x0000000719a00000|  0%| F|  |TAMS 0x0000000719800000, 0x0000000719800000| Untracked 
| 205|0x0000000719a00000, 0x0000000719a00000, 0x0000000719c00000|  0%| F|  |TAMS 0x0000000719a00000, 0x0000000719a00000| Untracked 
| 206|0x0000000719c00000, 0x0000000719c00000, 0x0000000719e00000|  0%| F|  |TAMS 0x0000000719c00000, 0x0000000719c00000| Untracked 
| 207|0x0000000719e00000, 0x0000000719e00000, 0x000000071a000000|  0%| F|  |TAMS 0x0000000719e00000, 0x0000000719e00000| Untracked 
| 208|0x000000071a000000, 0x000000071a000000, 0x000000071a200000|  0%| F|  |TAMS 0x000000071a000000, 0x000000071a000000| Untracked 
| 209|0x000000071a200000, 0x000000071a200000, 0x000000071a400000|  0%| F|  |TAMS 0x000000071a200000, 0x000000071a200000| Untracked 
| 210|0x000000071a400000, 0x000000071a400000, 0x000000071a600000|  0%| F|  |TAMS 0x000000071a400000, 0x000000071a400000| Untracked 
| 211|0x000000071a600000, 0x000000071a600000, 0x000000071a800000|  0%| F|  |TAMS 0x000000071a600000, 0x000000071a600000| Untracked 
| 212|0x000000071a800000, 0x000000071a800000, 0x000000071aa00000|  0%| F|  |TAMS 0x000000071a800000, 0x000000071a800000| Untracked 
| 213|0x000000071aa00000, 0x000000071aa00000, 0x000000071ac00000|  0%| F|  |TAMS 0x000000071aa00000, 0x000000071aa00000| Untracked 
| 214|0x000000071ac00000, 0x000000071ac00000, 0x000000071ae00000|  0%| F|  |TAMS 0x000000071ac00000, 0x000000071ac00000| Untracked 
| 215|0x000000071ae00000, 0x000000071ae00000, 0x000000071b000000|  0%| F|  |TAMS 0x000000071ae00000, 0x000000071ae00000| Untracked 
| 216|0x000000071b000000, 0x000000071b000000, 0x000000071b200000|  0%| F|  |TAMS 0x000000071b000000, 0x000000071b000000| Untracked 
| 217|0x000000071b200000, 0x000000071b200000, 0x000000071b400000|  0%| F|  |TAMS 0x000000071b200000, 0x000000071b200000| Untracked 
| 218|0x000000071b400000, 0x000000071b400000, 0x000000071b600000|  0%| F|  |TAMS 0x000000071b400000, 0x000000071b400000| Untracked 
| 219|0x000000071b600000, 0x000000071b600000, 0x000000071b800000|  0%| F|  |TAMS 0x000000071b600000, 0x000000071b600000| Untracked 
| 220|0x000000071b800000, 0x000000071b800000, 0x000000071ba00000|  0%| F|  |TAMS 0x000000071b800000, 0x000000071b800000| Untracked 
| 221|0x000000071ba00000, 0x000000071ba00000, 0x000000071bc00000|  0%| F|  |TAMS 0x000000071ba00000, 0x000000071ba00000| Untracked 
| 222|0x000000071bc00000, 0x000000071bc00000, 0x000000071be00000|  0%| F|  |TAMS 0x000000071bc00000, 0x000000071bc00000| Untracked 
| 223|0x000000071be00000, 0x000000071be00000, 0x000000071c000000|  0%| F|  |TAMS 0x000000071be00000, 0x000000071be00000| Untracked 
| 224|0x000000071c000000, 0x000000071c000000, 0x000000071c200000|  0%| F|  |TAMS 0x000000071c000000, 0x000000071c000000| Untracked 
| 225|0x000000071c200000, 0x000000071c200000, 0x000000071c400000|  0%| F|  |TAMS 0x000000071c200000, 0x000000071c200000| Untracked 
| 226|0x000000071c400000, 0x000000071c400000, 0x000000071c600000|  0%| F|  |TAMS 0x000000071c400000, 0x000000071c400000| Untracked 
| 227|0x000000071c600000, 0x000000071c600000, 0x000000071c800000|  0%| F|  |TAMS 0x000000071c600000, 0x000000071c600000| Untracked 
| 228|0x000000071c800000, 0x000000071c800000, 0x000000071ca00000|  0%| F|  |TAMS 0x000000071c800000, 0x000000071c800000| Untracked 
| 229|0x000000071ca00000, 0x000000071ca00000, 0x000000071cc00000|  0%| F|  |TAMS 0x000000071ca00000, 0x000000071ca00000| Untracked 
| 230|0x000000071cc00000, 0x000000071cc00000, 0x000000071ce00000|  0%| F|  |TAMS 0x000000071cc00000, 0x000000071cc00000| Untracked 
| 231|0x000000071ce00000, 0x000000071ce71f50, 0x000000071d000000| 22%| E|  |TAMS 0x000000071ce00000, 0x000000071ce00000| Complete 
| 232|0x000000071d000000, 0x000000071d200000, 0x000000071d200000|100%| E|CS|TAMS 0x000000071d000000, 0x000000071d000000| Complete 
| 233|0x000000071d200000, 0x000000071d400000, 0x000000071d400000|100%| E|CS|TAMS 0x000000071d200000, 0x000000071d200000| Complete 
| 234|0x000000071d400000, 0x000000071d600000, 0x000000071d600000|100%| E|CS|TAMS 0x000000071d400000, 0x000000071d400000| Complete 
| 235|0x000000071d600000, 0x000000071d800000, 0x000000071d800000|100%| E|CS|TAMS 0x000000071d600000, 0x000000071d600000| Complete 
| 236|0x000000071d800000, 0x000000071d9ff9d0, 0x000000071da00000| 99%| E|  |TAMS 0x000000071d800000, 0x000000071d800000| Complete 
| 237|0x000000071da00000, 0x000000071dc00000, 0x000000071dc00000|100%| E|CS|TAMS 0x000000071da00000, 0x000000071da00000| Complete 
| 238|0x000000071dc00000, 0x000000071de00000, 0x000000071de00000|100%| E|CS|TAMS 0x000000071dc00000, 0x000000071dc00000| Complete 
| 239|0x000000071de00000, 0x000000071e000000, 0x000000071e000000|100%| E|CS|TAMS 0x000000071de00000, 0x000000071de00000| Complete 

Card table byte_map: [0x000002777f5e0000,0x000002777fde0000] _byte_map_base: 0x000002777bde0000

Marking Bits (Prev, Next): (CMBitMap*) 0x00000277680dea20, (CMBitMap*) 0x00000277680dea60
 Prev Bits: [0x0000027700800000, 0x0000027704800000)
 Next Bits: [0x0000027704800000, 0x0000027708800000)

Polling page: 0x0000027765f40000

Metaspace:

Usage:
  Non-class:     87.10 MB used.
      Class:     13.57 MB used.
       Both:    100.67 MB used.

Virtual space:
  Non-class space:       88.00 MB reserved,      87.50 MB (>99%) committed,  11 nodes.
      Class space:        1.00 GB reserved,      14.00 MB (  1%) committed,  1 nodes.
             Both:        1.09 GB reserved,     101.50 MB (  9%) committed. 

Chunk freelists:
   Non-Class:  16.00 KB
       Class:  1.91 MB
        Both:  1.92 MB

MaxMetaspaceSize: unlimited
CompressedClassSpaceSize: 1.00 GB
Initial GC threshold: 21.00 MB
Current GC threshold: 159.19 MB
CDS: on
MetaspaceReclaimPolicy: balanced
 - commit_granule_bytes: 65536.
 - commit_granule_words: 8192.
 - virtual_space_node_default_size: 1048576.
 - enlarge_chunks_in_place: 1.
 - new_chunks_are_fully_committed: 0.
 - uncommit_free_chunks: 1.
 - use_allocation_guard: 0.
 - handle_deallocations: 1.


Internal statistics:

num_allocs_failed_limit: 6.
num_arena_births: 1118.
num_arena_deaths: 0.
num_vsnodes_births: 12.
num_vsnodes_deaths: 0.
num_space_committed: 1622.
num_space_uncommitted: 0.
num_chunks_returned_to_freelist: 6.
num_chunks_taken_from_freelist: 5213.
num_chunk_merges: 6.
num_chunk_splits: 3647.
num_chunks_enlarged: 2655.
num_purges: 0.
num_inconsistent_stats: 0.

CodeHeap 'non-profiled nmethods': size=120000Kb used=6270Kb max_used=6270Kb free=113729Kb
 bounds [0x0000027777350000, 0x0000027777970000, 0x000002777e880000]
CodeHeap 'profiled nmethods': size=120000Kb used=20005Kb max_used=20005Kb free=99995Kb
 bounds [0x000002776fe20000, 0x00000277711b0000, 0x0000027777350000]
CodeHeap 'non-nmethods': size=5760Kb used=2467Kb max_used=2484Kb free=3292Kb
 bounds [0x000002776f880000, 0x000002776faf0000, 0x000002776fe20000]
 total_blobs=11145 nmethods=10152 adapters=903
 compilation: enabled
              stopped_count=0, restarted_count=0
 full_count=0

Compilation events (20 events):
Event: 37.880 Thread 0x000002770bc13470 nmethod 11572 0x0000027771156710 code [0x0000027771156920, 0x0000027771156f68]
Event: 37.881 Thread 0x000002770bc07960 11573       4       java.lang.Class::privateGetPublicMethods (224 bytes)
Event: 37.884 Thread 0x000002770bc13470 11575       1       org.jetbrains.kotlin.container.ClassInfo::getConstructorInfo (5 bytes)
Event: 37.884 Thread 0x000002770bc13470 nmethod 11575 0x0000027777964d10 code [0x0000027777964ea0, 0x0000027777964f78]
Event: 37.898 Thread 0x000002770bc13470 11577       3       sun.reflect.generics.parser.SignatureParser::parseBounds (112 bytes)
Event: 37.899 Thread 0x000002770bc13470 nmethod 11577 0x0000027771157190 code [0x0000027771157460, 0x0000027771158558]
Event: 37.899 Thread 0x000002770bc13470 11580       1       org.jetbrains.kotlin.com.intellij.util.containers.ConcurrentWeakKeySoftValueHashMap$HardKey::get (5 bytes)
Event: 37.899 Thread 0x000002770bc13470 nmethod 11580 0x0000027777965010 code [0x00000277779651a0, 0x0000027777965278]
Event: 37.899 Thread 0x000002770bc13470 11578       1       org.jetbrains.kotlin.container.ConstructorInfo::getParameters (5 bytes)
Event: 37.899 Thread 0x000002770bc13470 nmethod 11578 0x0000027777965310 code [0x00000277779654a0, 0x0000027777965578]
Event: 37.899 Thread 0x000002770bc13470 11579       1       org.jetbrains.kotlin.container.ClassInfo::getSetterInfos (5 bytes)
Event: 37.899 Thread 0x000002770bc13470 nmethod 11579 0x0000027777965610 code [0x00000277779657a0, 0x0000027777965878]
Event: 37.899 Thread 0x000002770bc13470 11576       3       sun.reflect.generics.parser.SignatureParser::parseFormalTypeParameter (16 bytes)
Event: 37.899 Thread 0x000002770bc13470 nmethod 11576 0x0000027771158a10 code [0x0000027771158c00, 0x0000027771159148]
Event: 37.903 Thread 0x000002770bc13470 11581       1       org.jetbrains.kotlin.config.LanguageVersionSettingsImpl::getLanguageVersion (5 bytes)
Event: 37.903 Thread 0x000002770bc13470 nmethod 11581 0x0000027777965910 code [0x0000027777965aa0, 0x0000027777965b78]
Event: 37.926 Thread 0x000002770bc13470 11582       3       org.jetbrains.kotlin.container.ComponentRegistry::tryGetEntry (67 bytes)
Event: 37.927 Thread 0x000002770bc13470 nmethod 11582 0x0000027771159390 code [0x00000277711596e0, 0x000002777115ac88]
Event: 37.927 Thread 0x000002770bc13470 11583       3       java.util.Collections$SingletonList::get (41 bytes)
Event: 37.928 Thread 0x000002770bc13470 nmethod 11583 0x000002777115b290 code [0x000002777115b4e0, 0x000002777115bc08]

GC Heap History (20 events):
Event: 33.704 GC heap before
{Heap before GC invocations=42 (full 0):
 garbage-first heap   total 161792K, used 136128K [0x0000000700000000, 0x0000000800000000)
  region size 2048K, 27 young (55296K), 3 survivors (6144K)
 Metaspace       used 82000K, committed 82688K, reserved 1122304K
  class space    used 11521K, committed 11840K, reserved 1048576K
}
Event: 33.708 GC heap after
{Heap after GC invocations=43 (full 0):
 garbage-first heap   total 161792K, used 88689K [0x0000000700000000, 0x0000000800000000)
  region size 2048K, 3 young (6144K), 3 survivors (6144K)
 Metaspace       used 82000K, committed 82688K, reserved 1122304K
  class space    used 11521K, committed 11840K, reserved 1048576K
}
Event: 34.463 GC heap before
{Heap before GC invocations=43 (full 0):
 garbage-first heap   total 161792K, used 135793K [0x0000000700000000, 0x0000000800000000)
  region size 2048K, 26 young (53248K), 3 survivors (6144K)
 Metaspace       used 87980K, committed 88704K, reserved 1130496K
  class space    used 12258K, committed 12608K, reserved 1048576K
}
Event: 34.469 GC heap after
{Heap after GC invocations=44 (full 0):
 garbage-first heap   total 161792K, used 89799K [0x0000000700000000, 0x0000000800000000)
  region size 2048K, 3 young (6144K), 3 survivors (6144K)
 Metaspace       used 87980K, committed 88704K, reserved 1130496K
  class space    used 12258K, committed 12608K, reserved 1048576K
}
Event: 35.202 GC heap before
{Heap before GC invocations=45 (full 0):
 garbage-first heap   total 161792K, used 140999K [0x0000000700000000, 0x0000000800000000)
  region size 2048K, 25 young (51200K), 3 survivors (6144K)
 Metaspace       used 93142K, committed 94016K, reserved 1130496K
  class space    used 12887K, committed 13312K, reserved 1048576K
}
Event: 35.207 GC heap after
{Heap after GC invocations=46 (full 0):
 garbage-first heap   total 161792K, used 99327K [0x0000000700000000, 0x0000000800000000)
  region size 2048K, 4 young (8192K), 4 survivors (8192K)
 Metaspace       used 93142K, committed 94016K, reserved 1130496K
  class space    used 12887K, committed 13312K, reserved 1048576K
}
Event: 35.220 GC heap before
{Heap before GC invocations=46 (full 0):
 garbage-first heap   total 161792K, used 101375K [0x0000000700000000, 0x0000000800000000)
  region size 2048K, 5 young (10240K), 4 survivors (8192K)
 Metaspace       used 93142K, committed 94016K, reserved 1130496K
  class space    used 12887K, committed 13312K, reserved 1048576K
}
Event: 35.228 GC heap after
{Heap after GC invocations=47 (full 0):
 garbage-first heap   total 161792K, used 99143K [0x0000000700000000, 0x0000000800000000)
  region size 2048K, 1 young (2048K), 1 survivors (2048K)
 Metaspace       used 93142K, committed 94016K, reserved 1130496K
  class space    used 12887K, committed 13312K, reserved 1048576K
}
Event: 35.438 GC heap before
{Heap before GC invocations=47 (full 0):
 garbage-first heap   total 161792K, used 136007K [0x0000000700000000, 0x0000000800000000)
  region size 2048K, 19 young (38912K), 1 survivors (2048K)
 Metaspace       used 93261K, committed 94144K, reserved 1130496K
  class space    used 12892K, committed 13312K, reserved 1048576K
}
Event: 35.449 GC heap after
{Heap after GC invocations=48 (full 0):
 garbage-first heap   total 161792K, used 105524K [0x0000000700000000, 0x0000000800000000)
  region size 2048K, 3 young (6144K), 3 survivors (6144K)
 Metaspace       used 93261K, committed 94144K, reserved 1130496K
  class space    used 12892K, committed 13312K, reserved 1048576K
}
Event: 35.615 GC heap before
{Heap before GC invocations=49 (full 0):
 garbage-first heap   total 204800K, used 130100K [0x0000000700000000, 0x0000000800000000)
  region size 2048K, 15 young (30720K), 3 survivors (6144K)
 Metaspace       used 93262K, committed 94144K, reserved 1130496K
  class space    used 12892K, committed 13312K, reserved 1048576K
}
Event: 35.624 GC heap after
{Heap after GC invocations=50 (full 0):
 garbage-first heap   total 204800K, used 112262K [0x0000000700000000, 0x0000000800000000)
  region size 2048K, 2 young (4096K), 2 survivors (4096K)
 Metaspace       used 93262K, committed 94144K, reserved 1130496K
  class space    used 12892K, committed 13312K, reserved 1048576K
}
Event: 35.669 GC heap before
{Heap before GC invocations=50 (full 0):
 garbage-first heap   total 204800K, used 118406K [0x0000000700000000, 0x0000000800000000)
  region size 2048K, 5 young (10240K), 2 survivors (4096K)
 Metaspace       used 93262K, committed 94144K, reserved 1130496K
  class space    used 12892K, committed 13312K, reserved 1048576K
}
Event: 35.674 GC heap after
{Heap after GC invocations=51 (full 0):
 garbage-first heap   total 204800K, used 113571K [0x0000000700000000, 0x0000000800000000)
  region size 2048K, 1 young (2048K), 1 survivors (2048K)
 Metaspace       used 93262K, committed 94144K, reserved 1130496K
  class space    used 12892K, committed 13312K, reserved 1048576K
}
Event: 36.358 GC heap before
{Heap before GC invocations=51 (full 0):
 garbage-first heap   total 204800K, used 162723K [0x0000000700000000, 0x0000000800000000)
  region size 2048K, 23 young (47104K), 1 survivors (2048K)
 Metaspace       used 96517K, committed 97344K, reserved 1138688K
  class space    used 13292K, committed 13696K, reserved 1048576K
}
Event: 36.363 GC heap after
{Heap after GC invocations=52 (full 0):
 garbage-first heap   total 204800K, used 125671K [0x0000000700000000, 0x0000000800000000)
  region size 2048K, 3 young (6144K), 3 survivors (6144K)
 Metaspace       used 96517K, committed 97344K, reserved 1138688K
  class space    used 13292K, committed 13696K, reserved 1048576K
}
Event: 36.810 GC heap before
{Heap before GC invocations=53 (full 0):
 garbage-first heap   total 219136K, used 162535K [0x0000000700000000, 0x0000000800000000)
  region size 2048K, 21 young (43008K), 3 survivors (6144K)
 Metaspace       used 100326K, committed 101184K, reserved 1138688K
  class space    used 13648K, committed 14080K, reserved 1048576K
}
Event: 36.814 GC heap after
{Heap after GC invocations=54 (full 0):
 garbage-first heap   total 219136K, used 128420K [0x0000000700000000, 0x0000000800000000)
  region size 2048K, 2 young (4096K), 2 survivors (4096K)
 Metaspace       used 100326K, committed 101184K, reserved 1138688K
  class space    used 13648K, committed 14080K, reserved 1048576K
}
Event: 36.887 GC heap before
{Heap before GC invocations=54 (full 0):
 garbage-first heap   total 219136K, used 134564K [0x0000000700000000, 0x0000000800000000)
  region size 2048K, 5 young (10240K), 2 survivors (4096K)
 Metaspace       used 101274K, committed 102144K, reserved 1138688K
  class space    used 13700K, committed 14144K, reserved 1048576K
}
Event: 37.838 GC heap after
{Heap after GC invocations=55 (full 0):
 garbage-first heap   total 491520K, used 128274K [0x0000000700000000, 0x0000000800000000)
  region size 2048K, 1 young (2048K), 1 survivors (2048K)
 Metaspace       used 101274K, committed 102144K, reserved 1138688K
  class space    used 13700K, committed 14144K, reserved 1048576K
}

Deoptimization events (20 events):
Event: 36.071 Thread 0x000002770dac5240 DEOPT PACKING pc=0x00000277703abb14 sp=0x00000087b68ff1c0
Event: 36.071 Thread 0x000002770dac5240 DEOPT UNPACKING pc=0x000002776f8d2b43 sp=0x00000087b68fe680 mode 0
Event: 36.157 Thread 0x000002770dbfdce0 Uncommon trap: trap_request=0xffffff45 fr.pc=0x0000027777733f28 relative=0x0000000000001408
Event: 36.157 Thread 0x000002770dbfdce0 Uncommon trap: reason=unstable_if action=reinterpret pc=0x0000027777733f28 method=java.util.concurrent.ConcurrentHashMap.putVal(Ljava/lang/Object;Ljava/lang/Object;Z)Ljava/lang/Object; @ 162 c2
Event: 36.157 Thread 0x000002770dbfdce0 DEOPT PACKING pc=0x0000027777733f28 sp=0x00000087b71f4110
Event: 36.157 Thread 0x000002770dbfdce0 DEOPT UNPACKING pc=0x000002776f8d23a3 sp=0x00000087b71f40a8 mode 2
Event: 36.169 Thread 0x000002770dbfdce0 Uncommon trap: trap_request=0xffffff45 fr.pc=0x00000277778f2e68 relative=0x00000000000001c8
Event: 36.169 Thread 0x000002770dbfdce0 Uncommon trap: reason=unstable_if action=reinterpret pc=0x00000277778f2e68 method=org.jetbrains.kotlin.protobuf.CodedInputStream.readRawVarint32()I @ 10 c2
Event: 36.169 Thread 0x000002770dbfdce0 DEOPT PACKING pc=0x00000277778f2e68 sp=0x00000087b71f4530
Event: 36.169 Thread 0x000002770dbfdce0 DEOPT UNPACKING pc=0x000002776f8d23a3 sp=0x00000087b71f44b0 mode 2
Event: 36.240 Thread 0x000002770de7a460 DEOPT PACKING pc=0x00000277703abb14 sp=0x00000087bb6fef80
Event: 36.240 Thread 0x000002770de7a460 DEOPT UNPACKING pc=0x000002776f8d2b43 sp=0x00000087bb6fe440 mode 0
Event: 36.422 Thread 0x000002770dbfdce0 Uncommon trap: trap_request=0xffffffd6 fr.pc=0x0000027777566230 relative=0x0000000000000390
Event: 36.422 Thread 0x000002770dbfdce0 Uncommon trap: reason=array_check action=maybe_recompile pc=0x0000027777566230 method=java.util.LinkedHashMap.keysToArray([Ljava/lang/Object;)[Ljava/lang/Object; @ 25 c2
Event: 36.422 Thread 0x000002770dbfdce0 DEOPT PACKING pc=0x0000027777566230 sp=0x00000087b71f0fc0
Event: 36.422 Thread 0x000002770dbfdce0 DEOPT UNPACKING pc=0x000002776f8d23a3 sp=0x00000087b71f0f68 mode 2
Event: 36.422 Thread 0x000002770dbfdce0 Uncommon trap: trap_request=0xffffffbe fr.pc=0x000002777763e18c relative=0x000000000000026c
Event: 36.422 Thread 0x000002770dbfdce0 Uncommon trap: reason=profile_predicate action=maybe_recompile pc=0x000002777763e18c method=java.util.LinkedHashMap.keysToArray([Ljava/lang/Object;)[Ljava/lang/Object; @ 10 c2
Event: 36.422 Thread 0x000002770dbfdce0 DEOPT PACKING pc=0x000002777763e18c sp=0x00000087b71f0fd0
Event: 36.422 Thread 0x000002770dbfdce0 DEOPT UNPACKING pc=0x000002776f8d23a3 sp=0x00000087b71f0f80 mode 2

Classes unloaded (0 events):
No events

Classes redefined (0 events):
No events

Internal exceptions (20 events):
Event: 33.959 Thread 0x000002770dbfdce0 Exception <a 'sun/nio/fs/WindowsException'{0x0000000708f93af0}> (0x0000000708f93af0) 
thrown [t:\workspace\open\src\hotspot\share\prims\jni.cpp, line 516]
Event: 34.011 Thread 0x000002770dbfdce0 Exception <a 'java/lang/NoSuchMethodError'{0x0000000708bb3fe8}: 'long java.lang.invoke.DirectMethodHandle$Holder.invokeStatic(java.lang.Object)'> (0x0000000708bb3fe8) 
thrown [t:\workspace\open\src\hotspot\share\interpreter\linkResolver.cpp, line 766]
Event: 34.011 Thread 0x000002770dbfdce0 Exception <a 'java/lang/NoSuchMethodError'{0x0000000708bb8b88}: 'long java.lang.invoke.DirectMethodHandle$Holder.invokeStaticInit(java.lang.Object)'> (0x0000000708bb8b88) 
thrown [t:\workspace\open\src\hotspot\share\interpreter\linkResolver.cpp, line 766]
Event: 34.068 Thread 0x000002770dbfdce0 Exception <a 'java/lang/NoSuchMethodError'{0x0000000708411600}: 'void java.lang.invoke.DirectMethodHandle$Holder.invokeStaticInit(java.lang.Object)'> (0x0000000708411600) 
thrown [t:\workspace\open\src\hotspot\share\interpreter\linkResolver.cpp, line 766]
Event: 34.074 Thread 0x000002770dbfdce0 Exception <a 'java/lang/NoSuchMethodError'{0x00000007084a0418}: 'void java.lang.invoke.DelegatingMethodHandle$Holder.reinvoke_L(java.lang.Object, java.lang.Object, java.lang.Object, long, java.lang.Object)'> (0x00000007084a0418) 
thrown [t:\workspace\open\src\hotspot\share\interpreter\linkResolver.cpp, line 766]
Event: 34.075 Thread 0x000002770dbfdce0 Exception <a 'java/lang/NoSuchMethodError'{0x00000007084a8c00}: 'java.lang.Object java.lang.invoke.DirectMethodHandle$Holder.invokeSpecial(java.lang.Object, java.lang.Object, java.lang.Object, java.lang.Object, long)'> (0x00000007084a8c00) 
thrown [t:\workspace\open\src\hotspot\share\interpreter\linkResolver.cpp, line 766]
Event: 34.075 Thread 0x000002770dbfdce0 Exception <a 'java/lang/NoSuchMethodError'{0x00000007084b9320}: 'int java.lang.invoke.DelegatingMethodHandle$Holder.reinvoke_L(java.lang.Object, java.lang.Object, java.lang.Object, long, java.lang.Object, java.lang.Object)'> (0x00000007084b9320) 
thrown [t:\workspace\open\src\hotspot\share\interpreter\linkResolver.cpp, line 766]
Event: 34.076 Thread 0x000002770dbfdce0 Exception <a 'java/lang/NoSuchMethodError'{0x00000007084cd6b0}: 'int java.lang.invoke.DelegatingMethodHandle$Holder.reinvoke_L(java.lang.Object, java.lang.Object, java.lang.Object, long, int, int)'> (0x00000007084cd6b0) 
thrown [t:\workspace\open\src\hotspot\share\interpreter\linkResolver.cpp, line 766]
Event: 34.076 Thread 0x000002770dbfdce0 Exception <a 'java/lang/NoSuchMethodError'{0x00000007084dd4c0}: 'int java.lang.invoke.DelegatingMethodHandle$Holder.reinvoke_L(java.lang.Object, java.lang.Object, java.lang.Object, long, long, long)'> (0x00000007084dd4c0) 
thrown [t:\workspace\open\src\hotspot\share\interpreter\linkResolver.cpp, line 766]
Event: 34.077 Thread 0x000002770dbfdce0 Exception <a 'java/lang/NoSuchMethodError'{0x00000007084ecfb8}: 'int java.lang.invoke.DelegatingMethodHandle$Holder.reinvoke_L(java.lang.Object, java.lang.Object, java.lang.Object, long, int)'> (0x00000007084ecfb8) 
thrown [t:\workspace\open\src\hotspot\share\interpreter\linkResolver.cpp, line 766]
Event: 34.078 Thread 0x000002770dbfdce0 Exception <a 'java/lang/NoSuchMethodError'{0x00000007085080c0}: 'void java.lang.invoke.DelegatingMethodHandle$Holder.reinvoke_L(java.lang.Object, java.lang.Object, java.lang.Object, long, java.lang.Object, long, long)'> (0x00000007085080c0) 
thrown [t:\workspace\open\src\hotspot\share\interpreter\linkResolver.cpp, line 766]
Event: 34.078 Thread 0x000002770dbfdce0 Exception <a 'java/lang/NoSuchMethodError'{0x0000000708510580}: 'long java.lang.invoke.Invokers$Holder.invokeExact_MT(java.lang.Object, java.lang.Object, java.lang.Object)'> (0x0000000708510580) 
thrown [t:\workspace\open\src\hotspot\share\interpreter\linkResolver.cpp, line 766]
Event: 34.079 Thread 0x000002770dbfdce0 Exception <a 'java/lang/NoSuchMethodError'{0x0000000708515728}: 'int java.lang.invoke.Invokers$Holder.invokeExact_MT(java.lang.Object, java.lang.Object, java.lang.Object)'> (0x0000000708515728) 
thrown [t:\workspace\open\src\hotspot\share\interpreter\linkResolver.cpp, line 766]
Event: 34.761 Thread 0x000002770dbfdce0 Exception <a 'java/lang/NoSuchMethodError'{0x0000000708e49230}: 'java.lang.Object java.lang.invoke.DirectMethodHandle$Holder.invokeStatic(java.lang.Object, java.lang.Object, java.lang.Object, java.lang.Object, int, java.lang.Object)'> (0x0000000708e49230) 
thrown [t:\workspace\open\src\hotspot\share\interpreter\linkResolver.cpp, line 766]
Event: 34.779 Thread 0x000002770dbfdce0 Exception <a 'java/lang/NoSuchMethodError'{0x0000000708f45300}: 'java.lang.Object java.lang.invoke.Invokers$Holder.invoke_MT(java.lang.Object, java.lang.Object, java.lang.Object)'> (0x0000000708f45300) 
thrown [t:\workspace\open\src\hotspot\share\interpreter\linkResolver.cpp, line 766]
Event: 34.789 Thread 0x000002770dbfdce0 Exception <a 'sun/nio/fs/WindowsException'{0x0000000708fa4618}> (0x0000000708fa4618) 
thrown [t:\workspace\open\src\hotspot\share\prims\jni.cpp, line 516]
Event: 35.020 Thread 0x000002770dbfdce0 Exception <a 'java/lang/NoSuchMethodError'{0x0000000707fd8798}: 'int java.lang.invoke.DirectMethodHandle$Holder.invokeSpecial(java.lang.Object, java.lang.Object, int, int)'> (0x0000000707fd8798) 
thrown [t:\workspace\open\src\hotspot\share\interpreter\linkResolver.cpp, line 766]
Event: 35.034 Thread 0x000002770dbfdce0 Exception <a 'java/lang/NoSuchMethodError'{0x0000000707ca5be0}: 'java.lang.Object java.lang.invoke.Invokers$Holder.invokeExact_MT(java.lang.Object, java.lang.Object, long, java.lang.Object)'> (0x0000000707ca5be0) 
thrown [t:\workspace\open\src\hotspot\share\interpreter\linkResolver.cpp, line 766]
Event: 35.432 Thread 0x000002770dbfdce0 Implicit null exception at 0x0000027777902e59 to 0x0000027777904e60
Event: 35.751 Thread 0x000002770dbfdce0 Exception <a 'sun/nio/fs/WindowsException'{0x000000070bd5fe10}> (0x000000070bd5fe10) 
thrown [t:\workspace\open\src\hotspot\share\prims\jni.cpp, line 516]

VM Operations (20 events):
Event: 35.531 Executing VM operation: G1Concurrent
Event: 35.539 Executing VM operation: G1Concurrent done
Event: 35.578 Executing VM operation: G1Concurrent
Event: 35.578 Executing VM operation: G1Concurrent done
Event: 35.615 Executing VM operation: G1CollectForAllocation
Event: 35.624 Executing VM operation: G1CollectForAllocation done
Event: 35.669 Executing VM operation: G1CollectForAllocation
Event: 35.674 Executing VM operation: G1CollectForAllocation done
Event: 36.358 Executing VM operation: G1CollectForAllocation
Event: 36.363 Executing VM operation: G1CollectForAllocation done
Event: 36.428 Executing VM operation: G1Concurrent
Event: 36.434 Executing VM operation: G1Concurrent done
Event: 36.464 Executing VM operation: G1Concurrent
Event: 36.465 Executing VM operation: G1Concurrent done
Event: 36.810 Executing VM operation: G1CollectForAllocation
Event: 36.814 Executing VM operation: G1CollectForAllocation done
Event: 36.887 Executing VM operation: G1CollectForAllocation
Event: 37.838 Executing VM operation: G1CollectForAllocation done
Event: 38.846 Executing VM operation: Cleanup
Event: 38.846 Executing VM operation: Cleanup done

Events (20 events):
Event: 34.912 loading class sun/nio/cs/UTF_32BE
Event: 34.912 loading class sun/nio/cs/UTF_32BE done
Event: 34.912 loading class sun/nio/cs/UTF_32LE
Event: 34.912 loading class sun/nio/cs/UTF_32LE done
Event: 34.912 loading class sun/nio/cs/MS1251
Event: 34.912 loading class sun/nio/cs/MS1251 done
Event: 35.020 loading class java/util/function/IntUnaryOperator
Event: 35.020 loading class java/util/function/IntUnaryOperator done
Event: 35.061 Thread 0x000002770c360f90 Thread added: 0x000002770c360f90
Event: 35.086 loading class java/beans/PropertyChangeSupport
Event: 35.086 loading class java/beans/PropertyChangeSupport done
Event: 35.086 loading class java/beans/PropertyChangeSupport$PropertyChangeListenerMap
Event: 35.087 loading class java/beans/ChangeListenerMap
Event: 35.087 loading class java/beans/ChangeListenerMap done
Event: 35.087 loading class java/beans/PropertyChangeSupport$PropertyChangeListenerMap done
Event: 35.216 Thread 0x000002770c3614a0 Thread added: 0x000002770c3614a0
Event: 35.790 loading class java/util/regex/Pattern$Bound
Event: 35.790 loading class java/util/regex/Pattern$Bound done
Event: 36.543 Thread 0x000002770c3614a0 Thread exited: 0x000002770c3614a0
Event: 36.544 Thread 0x000002770c360f90 Thread exited: 0x000002770c360f90


Dynamic libraries:
0x00007ff705320000 - 0x00007ff705330000 	D:\develop\developtwo\bin\java.exe
0x00007ffb998a0000 - 0x00007ffb99b07000 	C:\WINDOWS\SYSTEM32\ntdll.dll
0x00007ffb98290000 - 0x00007ffb98359000 	C:\WINDOWS\System32\KERNEL32.DLL
0x00007ffb969f0000 - 0x00007ffb96de1000 	C:\WINDOWS\System32\KERNELBASE.dll
0x00007ffb96ff0000 - 0x00007ffb9713b000 	C:\WINDOWS\System32\ucrtbase.dll
0x00007ffb863c0000 - 0x00007ffb863da000 	D:\develop\developtwo\bin\VCRUNTIME140.dll
0x00007ffb73e80000 - 0x00007ffb73e98000 	D:\develop\developtwo\bin\jli.dll
0x00007ffb994d0000 - 0x00007ffb9958b000 	C:\WINDOWS\System32\ADVAPI32.dll
0x00007ffb97920000 - 0x00007ffb979c9000 	C:\WINDOWS\System32\msvcrt.dll
0x00007ffb986f0000 - 0x00007ffb98797000 	C:\WINDOWS\System32\sechost.dll
0x00007ffb97650000 - 0x00007ffb97768000 	C:\WINDOWS\System32\RPCRT4.dll
0x00007ffb99280000 - 0x00007ffb99445000 	C:\WINDOWS\System32\USER32.dll
0x00007ffb97140000 - 0x00007ffb97167000 	C:\WINDOWS\System32\win32u.dll
0x00007ffb82780000 - 0x00007ffb82a13000 	C:\WINDOWS\WinSxS\amd64_microsoft.windows.common-controls_6595b64144ccf1df_6.0.26100.8037_none_3e092faae333b53b\COMCTL32.dll
0x00007ffb98160000 - 0x00007ffb9818b000 	C:\WINDOWS\System32\GDI32.dll
0x00007ffb97460000 - 0x00007ffb9758b000 	C:\WINDOWS\System32\gdi32full.dll
0x00007ffb97590000 - 0x00007ffb97633000 	C:\WINDOWS\System32\msvcp_win.dll
0x00007ffb8e430000 - 0x00007ffb8e43b000 	C:\WINDOWS\SYSTEM32\VERSION.dll
0x00007ffb979e0000 - 0x00007ffb97a11000 	C:\WINDOWS\System32\IMM32.DLL
0x00007ffb8e900000 - 0x00007ffb8e90c000 	D:\develop\developtwo\bin\vcruntime140_1.dll
0x00007ffb2afa0000 - 0x00007ffb2b02d000 	D:\develop\developtwo\bin\msvcp140.dll
0x00007ffaff5c0000 - 0x00007ffb0017e000 	D:\develop\developtwo\bin\server\jvm.dll
0x00007ffb979d0000 - 0x00007ffb979d8000 	C:\WINDOWS\System32\PSAPI.DLL
0x00007ffb8c060000 - 0x00007ffb8c06a000 	C:\WINDOWS\SYSTEM32\WSOCK32.dll
0x00007ffb8e3f0000 - 0x00007ffb8e425000 	C:\WINDOWS\SYSTEM32\WINMM.dll
0x00007ffb99450000 - 0x00007ffb994c4000 	C:\WINDOWS\System32\WS2_32.dll
0x00007ffb94ed0000 - 0x00007ffb94eeb000 	C:\WINDOWS\SYSTEM32\kernel.appcore.dll
0x00007ffb86360000 - 0x00007ffb8636a000 	D:\develop\developtwo\bin\jimage.dll
0x00007ffb93f60000 - 0x00007ffb941a2000 	C:\WINDOWS\SYSTEM32\DBGHELP.DLL
0x00007ffb98360000 - 0x00007ffb986e2000 	C:\WINDOWS\System32\combase.dll
0x00007ffb98080000 - 0x00007ffb98157000 	C:\WINDOWS\System32\OLEAUT32.dll
0x00007ffb81610000 - 0x00007ffb8164b000 	C:\WINDOWS\SYSTEM32\dbgcore.DLL
0x00007ffb97170000 - 0x00007ffb97215000 	C:\WINDOWS\System32\bcryptPrimitives.dll
0x00007ffb7eea0000 - 0x00007ffb7eeae000 	D:\develop\developtwo\bin\instrument.dll
0x00007ffb73560000 - 0x00007ffb73585000 	D:\develop\developtwo\bin\java.dll
0x00007ffb1ee90000 - 0x00007ffb1ef66000 	D:\develop\developtwo\bin\svml.dll
0x00007ffb987a0000 - 0x00007ffb98eff000 	C:\WINDOWS\System32\SHELL32.dll
0x00007ffb96e80000 - 0x00007ffb96fea000 	C:\WINDOWS\System32\wintypes.dll
0x00007ffb96180000 - 0x00007ffb969e4000 	C:\WINDOWS\System32\windows.storage.dll
0x00007ffb98190000 - 0x00007ffb98287000 	C:\WINDOWS\System32\SHCORE.dll
0x00007ffb99590000 - 0x00007ffb995f7000 	C:\WINDOWS\System32\shlwapi.dll
0x00007ffb96060000 - 0x00007ffb96089000 	C:\WINDOWS\SYSTEM32\profapi.dll
0x00007ffb652f0000 - 0x00007ffb65308000 	D:\develop\developtwo\bin\zip.dll
0x00007ffb652d0000 - 0x00007ffb652e9000 	D:\develop\developtwo\bin\net.dll
0x00007ffb8e1f0000 - 0x00007ffb8e317000 	C:\WINDOWS\SYSTEM32\WINHTTP.dll
0x00007ffb95440000 - 0x00007ffb954ab000 	C:\WINDOWS\system32\mswsock.dll
0x00007ffb652b0000 - 0x00007ffb652c5000 	D:\develop\developtwo\bin\nio.dll
0x00007ffb74300000 - 0x00007ffb74310000 	D:\develop\developtwo\bin\verify.dll
0x00007ffb91390000 - 0x00007ffb913b7000 	C:\Users\jane\.gradle\native\1def1411415f61bf3af743bc5b6707747c0891f09f0c88961ee8f79bc544acac\windows-amd64\native-platform.dll
0x00007ffb180e0000 - 0x00007ffb18158000 	C:\Users\jane\.gradle\native\0.2.7\x86_64-windows-gnu\gradle-fileevents.dll
0x00007ffb6ad60000 - 0x00007ffb6ad69000 	D:\develop\developtwo\bin\management.dll
0x00007ffb68f40000 - 0x00007ffb68f4b000 	D:\develop\developtwo\bin\management_ext.dll
0x00007ffb948e0000 - 0x00007ffb94913000 	C:\WINDOWS\SYSTEM32\IPHLPAPI.DLL
0x00007ffb97640000 - 0x00007ffb9764a000 	C:\WINDOWS\System32\NSI.dll
0x00007ffb90240000 - 0x00007ffb9025d000 	C:\WINDOWS\SYSTEM32\dhcpcsvc6.DLL
0x00007ffb90210000 - 0x00007ffb90233000 	C:\WINDOWS\SYSTEM32\dhcpcsvc.DLL
0x00007ffb94980000 - 0x00007ffb94aaa000 	C:\WINDOWS\SYSTEM32\DNSAPI.dll
0x00007ffb95730000 - 0x00007ffb9574b000 	C:\WINDOWS\SYSTEM32\CRYPTSP.dll
0x00007ffb94e10000 - 0x00007ffb94e49000 	C:\WINDOWS\system32\rsaenh.dll
0x00007ffb954f0000 - 0x00007ffb95522000 	C:\WINDOWS\SYSTEM32\USERENV.dll
0x00007ffb96030000 - 0x00007ffb9605a000 	C:\WINDOWS\SYSTEM32\bcrypt.dll
0x00007ffb95720000 - 0x00007ffb9572c000 	C:\WINDOWS\SYSTEM32\CRYPTBASE.dll
0x00007ffb66410000 - 0x00007ffb6641e000 	D:\develop\developtwo\bin\sunmscapi.dll
0x00007ffb97220000 - 0x00007ffb97397000 	C:\WINDOWS\System32\CRYPT32.dll
0x00007ffb95940000 - 0x00007ffb95970000 	C:\WINDOWS\SYSTEM32\ncrypt.dll
0x00007ffb958f0000 - 0x00007ffb9592f000 	C:\WINDOWS\SYSTEM32\NTASN1.dll
0x00007ffb6ad10000 - 0x00007ffb6ad18000 	C:\WINDOWS\system32\wshunix.dll

dbghelp: loaded successfully - version: 4.0.5 - missing functions: none
symbol engine: initialized successfully - sym options: 0x614 - pdb path: .;D:\develop\developtwo\bin;C:\WINDOWS\SYSTEM32;C:\WINDOWS\WinSxS\amd64_microsoft.windows.common-controls_6595b64144ccf1df_6.0.26100.8037_none_3e092faae333b53b;D:\develop\developtwo\bin\server;C:\Users\jane\.gradle\native\1def1411415f61bf3af743bc5b6707747c0891f09f0c88961ee8f79bc544acac\windows-amd64;C:\Users\jane\.gradle\native\0.2.7\x86_64-windows-gnu

VM Arguments:
jvm_args: --add-opens=java.base/java.lang=ALL-UNNAMED --add-opens=java.base/java.lang.invoke=ALL-UNNAMED --add-opens=java.base/java.util=ALL-UNNAMED --add-opens=java.prefs/java.util.prefs=ALL-UNNAMED --add-exports=jdk.compiler/com.sun.tools.javac.api=ALL-UNNAMED --add-exports=jdk.compiler/com.sun.tools.javac.util=ALL-UNNAMED --add-opens=java.base/java.util=ALL-UNNAMED --add-opens=java.prefs/java.util.prefs=ALL-UNNAMED --add-opens=java.base/java.nio.charset=ALL-UNNAMED --add-opens=java.base/java.net=ALL-UNNAMED --add-opens=java.base/java.util.concurrent.atomic=ALL-UNNAMED --add-opens=java.xml/javax.xml.namespace=ALL-UNNAMED -Xmx4g -Dfile.encoding=UTF-8 -Duser.country=CN -Duser.language=zh -Duser.variant -javaagent:C:\Users\jane\.gradle\wrapper\dists\gradle-8.13-bin\5xuhj0ry160q40clulazy9h7d\gradle-8.13\lib\agents\gradle-instrumentation-agent-8.13.jar 
java_command: org.gradle.launcher.daemon.bootstrap.GradleDaemon 8.13
java_class_path (initial): C:\Users\jane\.gradle\wrapper\dists\gradle-8.13-bin\5xuhj0ry160q40clulazy9h7d\gradle-8.13\lib\gradle-daemon-main-8.13.jar
Launcher Type: SUN_STANDARD

[Global flags]
     intx CICompilerCount                          = 4                                         {product} {ergonomic}
     uint ConcGCThreads                            = 3                                         {product} {ergonomic}
     uint G1ConcRefinementThreads                  = 10                                        {product} {ergonomic}
   size_t G1HeapRegionSize                         = 2097152                                   {product} {ergonomic}
    uintx GCDrainStackTargetSize                   = 64                                        {product} {ergonomic}
   size_t InitialHeapSize                          = 255852544                                 {product} {ergonomic}
   size_t MarkStackSize                            = 4194304                                   {product} {ergonomic}
   size_t MaxHeapSize                              = 4294967296                                {product} {command line}
   size_t MaxNewSize                               = 2575302656                                {product} {ergonomic}
   size_t MinHeapDeltaBytes                        = 2097152                                   {product} {ergonomic}
   size_t MinHeapSize                              = 8388608                                   {product} {ergonomic}
    uintx NonNMethodCodeHeapSize                   = 5839372                                {pd product} {ergonomic}
    uintx NonProfiledCodeHeapSize                  = 122909434                              {pd product} {ergonomic}
    uintx ProfiledCodeHeapSize                     = 122909434                              {pd product} {ergonomic}
    uintx ReservedCodeCacheSize                    = 251658240                              {pd product} {ergonomic}
     bool SegmentedCodeCache                       = true                                      {product} {ergonomic}
   size_t SoftMaxHeapSize                          = 4294967296                             {manageable} {ergonomic}
     bool UseCompressedClassPointers               = true                           {product lp64_product} {ergonomic}
     bool UseCompressedOops                        = true                           {product lp64_product} {ergonomic}
     bool UseG1GC                                  = true                                      {product} {ergonomic}
     bool UseLargePagesIndividualAllocation        = false                                  {pd product} {ergonomic}

Logging:
Log output configuration:
 #0: stdout all=warning uptime,level,tags
 #1: stderr all=off uptime,level,tags

Environment Variables:
JAVA_HOME=D:\develop\developtwo
PATH=c:\Users\jane\.trae\tools\trae-gopls\current;c:\Users\jane\.trae\sdks\workspaces\04245b37\versions\node\current;c:\Users\jane\.trae\sdks\versions\node\current;C:\WINDOWS\system32;C:\WINDOWS;C:\WINDOWS\System32\Wbem;C:\WINDOWS\System32\WindowsPowerShell\v1.0\;C:\WINDOWS\System32\OpenSSH\;C:\Program Files\WireGuard\;C:\Program Files\Cloudflare\Cloudflare WARP\;D:\develop\apache-maven-3.9.4\bin;D:\develop\mysql-8.0.34-winx64\bin;C:\Program Files\Git\cmd;D:\develop\cursor\resources\app\bin;D:\develop\nodejs\;D:\develop\nodejs\node_global\node_modules;D:\qt6\Tools\mingw1310_64\bin;D:\qt6\Tools\CMake_64\bin;D:\qt6\6.9.3\mingw_64\bin;D:\vcpkg;D:\develop\Javatwo\jdk-11\bin;C:\Program Files (x86)\Common Files\Oracle\Java\javapath;C:\Program Files\Common Files\Oracle\Java\javapath;D:\AndroidStudioSDK\platform-tools;D:\AndroidStudioSDK\build-tools\36.1.0;D:\develop\gradle-7.6.6\bin;C:\Users\jane\.cargo\bin;D:\anaconda3;D:\anaconda3\Library\mingw-w64\bin;D:\anaconda3\Library\usr\bin;D:\anaconda3\Library\bin;D:\anaconda3\Scripts;C:\Users\jane\AppData\Local\Programs\Python\Python39-32\Scripts\;C:\Users\jane\AppData\Local\Programs\Python\Python39-32\;C:\Users\jane\AppData\Local\Microsoft\WindowsApps;C:\Users\jane\AppData\Local\Programs\Microsoft VS Code\bin;D:\develop\IntelliJIDEA2024.2.2\bin;D:\develop\DataGrip 2024.1.1\bin;D:\develop\CodeBuddy CN\bin;C:\Users\jane\AppData\Roaming\npm;D:\developoverseas\Qoder\bin;D:\developoverseas\Antigravity\bin;D:\develop\developtwo\bin;d:\developoverseas\Traeoverseas\resources\app\bin\lib
USERNAME=jane
OS=Windows_NT
PROCESSOR_IDENTIFIER=AMD64 Family 25 Model 68 Stepping 1, AuthenticAMD



---------------  S Y S T E M  ---------------

OS:
 Windows 10 , 64 bit Build 26100 (10.0.26100.7920)
OS uptime: 0 days 6:03 hours
Hyper-V role detected

CPU: total 12 (initial active 12) (12 cores per cpu, 2 threads per core) family 25 model 68 stepping 1 microcode 0xa404101, cx8, cmov, fxsr, ht, mmx, 3dnowpref, sse, sse2, sse3, ssse3, sse4a, sse4.1, sse4.2, popcnt, lzcnt, tsc, tscinvbit, avx, avx2, aes, clmul, bmi1, bmi2, adx, sha, fma, vzeroupper, clflush, clflushopt, hv

Memory: 4k page, system-wide physical 15556M (935M free)
TotalPageFile size 43906M (AvailPageFile size 0M)
current process WorkingSet (physical memory assigned to process): 517M, peak: 517M
current process commit charge ("private bytes"): 819M, peak: 819M

vm_info: Java HotSpot(TM) 64-Bit Server VM (17+35-LTS-2724) for windows-amd64 JRE (17+35-LTS-2724), built on Aug  5 2021 23:28:28 by "mach5one" with MS VC++ 16.8 (VS2019)

END.
